"../../../Engine/Content/EditorMaterials/Tick.uasset" 0
"../../../Engine/Content/EditorMaterials/Tick_Mat.uasset" 1
"../../../Engine/Content/EditorMaterials/WidgetGridVertexColorMaterial.uasset" 2
"../../../Engine/Content/EditorMaterials/WidgetGridVertexColorMaterial_Ma.uasset" 3
"../../../Engine/Content/EditorMaterials/WidgetMaterial.uasset" 4
"../../../Engine/Content/EditorMaterials/WidgetMaterial_Current.uasset" 5
"../../../Engine/Content/EditorMaterials/WidgetMaterial_X.uasset" 6
"../../../Engine/Content/EditorMaterials/WidgetMaterial_Y.uasset" 7
"../../../Engine/Content/EditorMaterials/WidgetMaterial_Z.uasset" 8
"../../../Engine/Content/EditorMaterials/WidgetVertexColorMaterial.uasset" 9
"../../../Engine/Content/EditorMaterials/MatineeGroups/MAT_ColorTrack.uasset" 10
"../../../Engine/Content/EditorMaterials/MatineeGroups/MAT_Groups_Anim.uasset" 11
"../../../Engine/Content/EditorMaterials/MatineeGroups/MAT_Groups_AudioMaster.uasset" 12
"../../../Engine/Content/EditorMaterials/MatineeGroups/MAT_Groups_Director.uasset" 13
"../../../Engine/Content/EditorMaterials/MatineeGroups/MAT_Groups_Event.uasset" 14
"../../../Engine/Content/EditorMaterials/MatineeGroups/MAT_Groups_Fade.uasset" 15
"../../../Engine/Content/EditorMaterials/MatineeGroups/MAT_Groups_Float.uasset" 16
"../../../Engine/Content/EditorMaterials/MatineeGroups/MAT_Groups_Move.uasset" 17
"../../../Engine/Content/EditorMaterials/MatineeGroups/MAT_Groups_Slomo.uasset" 18
"../../../Engine/Content/EditorMaterials/MatineeGroups/MAT_Groups_Sound.uasset" 19
"../../../Engine/Content/EditorMaterials/MatineeGroups/MAT_Groups_Vector.uasset" 20
"../../../Engine/Content/EditorMaterials/ParticleSystems/PSysThumbnail_NoImage.uasset" 21
"../../../Engine/Content/EditorMaterials/ParticleSystems/PSysThumbnail_OOD.uasset" 22
"../../../Engine/Content/EngineMaterials/Grid.uasset" 23
"../../../Engine/Content/EditorMaterials/Thumbnails/FloorPlaneMaterial.uasset" 24
"../../../Engine/Content/EditorMeshes/EditorCube.uasset" 25
"../../../Engine/Content/EditorMeshes/EditorCylinder.uasset" 26
"../../../Engine/Content/EditorMeshes/EditorPlane.uasset" 27
"../../../Engine/Content/EditorMaterials/Thumbnails/SkySphereMaterial.uasset" 28
"../../../Engine/Content/EditorMeshes/EditorSkySphere.uasset" 29
"../../../Engine/Content/EditorMeshes/EditorSphere.uasset" 30
"../../../Engine/Content/EditorResources/MatineeCam_D.uasset" 31
"../../../Engine/Content/EditorMaterials/MatineeCam_mat.uasset" 32
"../../../Engine/Content/EditorMeshes/MatineeCam_SM.uasset" 33
"../../../Engine/Content/Functions/Engine_MaterialFunctions01/Shading/ConvertFromDiffSpec.uasset" 34
"../../../Engine/Content/EditorMaterials/GridMaterial.uasset" 35
"../../../Engine/Content/EditorMeshes/PhAT_FloorBox.uasset" 36
"../../../Engine/Content/EditorMaterials/Camera/CineMat.uasset" 37
"../../../Engine/Content/EditorMaterials/Camera/MI_CineMat_CameraBody.uasset" 38
"../../../Engine/Content/EngineDebugMaterials/M_SimpleOpaque.uasset" 39
"../../../Engine/Content/EditorMaterials/Camera/MI_CineMat_CamViewFinder.uasset" 40
"../../../Engine/Content/EditorMeshes/Camera/SM_CineCam.uasset" 41
"../../../Engine/Content/EditorMaterials/Camera/MI_CineMat_Rig.uasset" 42
"../../../Engine/Content/EditorMeshes/Camera/SM_CraneRig_Arm.uasset" 43
"../../../Engine/Content/EditorMeshes/Camera/SM_CraneRig_Base.uasset" 44
"../../../Engine/Content/EditorMeshes/Camera/SM_CraneRig_Body.uasset" 45
"../../../Engine/Content/EditorMeshes/Camera/SM_CraneRig_Mount.uasset" 46
"../../../Engine/Content/EditorMeshes/Camera/SM_RailRig_Mount.uasset" 47
"../../../Engine/Content/EditorMeshes/Camera/SM_RailRig_Track.uasset" 48
"../../../Engine/Content/EditorMeshes/ColorCalibrator/M_ChromeBall.uasset" 49
"../../../Engine/Content/EditorMeshes/ColorCalibrator/M_ClearCoat.uasset" 50
"../../../Engine/Content/EditorMeshes/ColorCalibrator/M_ClearCoatBlack.uasset" 51
"../../../Engine/Content/EditorMeshes/ColorCalibrator/Color_checker.uasset" 52
"../../../Engine/Content/EditorMeshes/ColorCalibrator/M_ColorGrid.uasset" 53
"../../../Engine/Content/EditorMeshes/ColorCalibrator/M_GreyBall.uasset" 54
"../../../Engine/Content/EditorMeshes/ColorCalibrator/SM_ColorCalibrator.uasset" 55
"../../../Engine/Content/EditorResources/Bad.uasset" 56
"../../../Engine/Content/EditorResources/BSPVertex.uasset" 57
"../../../Engine/Content/EditorResources/EmptyActor.uasset" 58
"../../../Engine/Content/EditorResources/MatInstActSprite.uasset" 59
"../../../Engine/Content/EditorResources/SceneManager.uasset" 60
"../../../Engine/Content/EditorResources/SmallFont.uasset" 61
"../../../Engine/Content/EditorResources/S_Actor.uasset" 62
"../../../Engine/Content/EditorResources/S_DecalActorIcon.uasset" 63
"../../../Engine/Content/EditorResources/S_Emitter.uasset" 64
"../../../Engine/Content/EditorResources/S_ExpoHeightFog.uasset" 65
"../../../Engine/Content/EditorResources/S_FTest.uasset" 66
"../../../Engine/Content/EditorResources/S_KBSJoint.uasset" 67
"../../../Engine/Content/EditorResources/S_KHinge.uasset" 68
"../../../Engine/Content/EditorResources/S_KPrismatic.uasset" 69
"../../../Engine/Content/EditorResources/S_LevelSequence.uasset" 70
"../../../Engine/Content/EditorResources/S_NavP.uasset" 71
"../../../Engine/Content/EditorResources/S_Note.uasset" 72
"../../../Engine/Content/EditorResources/S_Player.uasset" 73
"../../../Engine/Content/EditorResources/S_PortalActorIcon2.uasset" 74
"../../../Engine/Content/EditorResources/S_RadForce.uasset" 75
"../../../Engine/Content/EditorResources/S_ReflActorIcon.uasset" 76
"../../../Engine/Content/EditorResources/S_Terrain.uasset" 77
"../../../Engine/Content/EditorResources/S_TextRenderActorIcon.uasset" 78
"../../../Engine/Content/EditorResources/S_Thruster.uasset" 79
"../../../Engine/Content/EditorResources/S_Trigger.uasset" 80
"../../../Engine/Content/EditorResources/S_VectorFieldVol.uasset" 81
"../../../Engine/Content/EditorResources/S_WindDirectional.uasset" 82
"../../../Engine/Content/EditorResources/AI/S_NavLink.uasset" 83
"../../../Engine/Content/EditorResources/LightIcons/SkyLight.uasset" 84
"../../../Engine/Content/EditorResources/LightIcons/S_LightDirectional.uasset" 85
"../../../Engine/Content/EditorResources/LightIcons/S_LightDirectionalMove.uasset" 86
"../../../Engine/Content/EditorResources/LightIcons/S_LightError.uasset" 87
"../../../Engine/Content/EditorResources/LightIcons/S_LightPoint.uasset" 88
"../../../Engine/Content/EditorResources/LightIcons/S_LightPointMove.uasset" 89
"../../../Engine/Content/EditorResources/LightIcons/S_LightSpot.uasset" 90
"../../../Engine/Content/EditorResources/LightIcons/S_LightSpotMove.uasset" 91
"../../../Engine/Content/EditorResources/SequenceRecorder/Countdown.uasset" 92
"../../../Engine/Content/EditorResources/SequenceRecorder/RecordingIndicator.uasset" 93
"../../../Engine/Content/EditorResources/Spline/T_Loft_Spline.uasset" 94
"../../../Engine/Content/EditorSounds/Notifications/CompileFailed.uasset" 95
"../../../Engine/Content/EditorSounds/Notifications/CompileFailed_Cue.uasset" 96
"../../../Engine/Content/EditorSounds/Notifications/CompileSuccess.uasset" 97
"../../../Engine/Content/EditorSounds/Notifications/CompileStart_Cue.uasset" 98
"../../../Engine/Content/EditorSounds/Notifications/CompileSuccess_Cue.uasset" 99
"../../../Engine/Content/EngineDamageTypes/DmgTypeBP_Environmental.uasset" 100
"../../../Engine/Content/EngineDebugMaterials/HeatmapGradient.uasset" 101
"../../../Engine/Content/EngineDebugMaterials/BoneWeightMaterial.uasset" 102
"../../../Engine/Content/EngineDebugMaterials/ClothMaterial.uasset" 103
"../../../Engine/Content/EngineDebugMaterials/ClothMaterial_WF.uasset" 104
"../../../Engine/Content/EngineDebugMaterials/DebugEditorMaterial.uasset" 105
"../../../Engine/Content/EngineDebugMaterials/DebugMeshMaterial.uasset" 106
"../../../Engine/Content/EngineDebugMaterials/GeomMaterial.uasset" 107
"../../../Engine/Content/EngineDebugMaterials/LevelColorationLitMaterial.uasset" 108
"../../../Engine/Content/EngineDebugMaterials/LevelColorationUnlitMaterial.uasset" 109
"../../../Engine/Content/EngineMaterials/DefaultWhiteGrid.uasset" 110
"../../../Engine/Content/EngineDebugMaterials/MAT_LevelColorationLitLightmapUV.uasset" 111
"../../../Engine/Content/EngineDebugMaterials/M_SimpleTranslucent.uasset" 112
"../../../Engine/Content/EngineDebugMaterials/ShadedLevelColorationLitMaterial.uasset" 113
"../../../Engine/Content/EngineDebugMaterials/ShadedLevelColorationUnlitMateri.uasset" 114
"../../../Engine/Content/EngineDebugMaterials/VertexColorMaterial.uasset" 115
"../../../Engine/Content/EngineDebugMaterials/VertexColorViewMode_AlphaAsColor.uasset" 116
"../../../Engine/Content/EngineDebugMaterials/VertexColorViewMode_BlueOnly.uasset" 117
"../../../Engine/Content/EngineDebugMaterials/VertexColorViewMode_ColorOnly.uasset" 118
"../../../Engine/Content/EngineDebugMaterials/VertexColorViewMode_GreenOnly.uasset" 119
"../../../Engine/Content/EngineDebugMaterials/VertexColorViewMode_RedOnly.uasset" 120
"../../../Engine/Content/EngineDebugMaterials/WireframeMaterial.uasset" 121
"../../../Engine/Content/EngineFonts/Faces/RobotoBold.uasset" 122
"../../../Engine/Content/EngineFonts/Faces/RobotoBoldItalic.uasset" 123
"../../../Engine/Content/EngineFonts/Faces/RobotoItalic.uasset" 124
"../../../Engine/Content/EngineFonts/Faces/RobotoLight.uasset" 125
"../../../Engine/Content/EngineFonts/Faces/RobotoRegular.uasset" 126
"../../../Engine/Content/EngineFonts/Roboto.uasset" 127
"../../../Engine/Content/EngineFonts/Faces/RobotoTiny.uasset" 128
"../../../Engine/Content/EngineFonts/RobotoTiny.uasset" 129
"../../../Engine/Content/EngineFonts/SmallFont.uasset" 130
"../../../Engine/Content/EngineFonts/TinyFont.uasset" 131
"../../../Engine/Content/EngineResources/WhiteSquareTexture.uasset" 132
"../../../Engine/Content/EngineMaterials/BlinkingCaret.uasset" 133
"../../../Engine/Content/EngineMaterials/DefaultBloomKernel.uasset" 134
"../../../Engine/Content/EngineMaterials/DefaultBokeh.uasset" 135
"../../../Engine/Content/EngineMaterials/DefaultDiffuse.uasset" 136
"../../../Engine/Content/EngineMaterials/DefaultDeferredDecalMaterial.uasset" 137
"../../../Engine/Content/EngineMaterials/DefaultLightFunctionMaterial.uasset" 138
"../../../Engine/Content/EngineMaterials/DefaultNormal.uasset" 139
"../../../Engine/Content/Functions/Engine_MaterialFunctions02/Utility/BreakOutFloat2Components.uasset" 140
"../../../Engine/Content/EngineMaterials/DefaultPostProcessMaterial.uasset" 141
"../../../Engine/Content/EngineFonts/RobotoDistanceField.uasset" 142
"../../../Engine/Content/EngineMaterials/DefaultTextMaterialOpaque.uasset" 143
"../../../Engine/Content/EngineMaterials/EditorBrushMaterial.uasset" 144
"../../../Engine/Content/EngineMaterials/Good64x64TilingNoiseHighFreq.uasset" 145
"../../../Engine/Content/EngineMaterials/Grid_N.uasset" 146
"../../../Engine/Content/EngineMaterials/HighResolutionScreenshotMaskFunction.uasset" 147
"../../../Engine/Content/EngineMaterials/HighResScreenshot.uasset" 148
"../../../Engine/Content/EngineMaterials/HighResScreenshotCaptureRegion.uasset" 149
"../../../Engine/Content/EngineMaterials/HighResScreenshotMask.uasset" 150
"../../../Engine/Content/EngineMaterials/LandscapeHolePhysicalMaterial.uasset" 151
"../../../Engine/Content/EngineMaterials/InvalidLightmapSettings.uasset" 152
"../../../Engine/Content/EngineMaterials/M_InvalidLightmapSettings.uasset" 153
"../../../Engine/Content/EngineMaterials/PaperDiffuse.uasset" 154
"../../../Engine/Content/EngineMaterials/PaperNormal.uasset" 155
"../../../Engine/Content/Functions/Engine_MaterialFunctions02/WorldPositionOffset/CameraOffset.uasset" 156
"../../../Engine/Content/EngineMaterials/PhAT_JointLimitMaterial.uasset" 157
"../../../Engine/Content/EngineMaterials/PhysMat_Rubber.uasset" 158
"../../../Engine/Content/EngineMaterials/PreintegratedSkinBRDF.uasset" 159
"../../../Engine/Content/EngineMaterials/RemoveSurfaceMaterial.uasset" 160
"../../../Engine/Content/EngineMaterials/WeightMapPlaceholderTexture.uasset" 161
"../../../Engine/Content/EngineMaterials/Widget3DPassThrough.uasset" 162
"../../../Engine/Content/EngineMaterials/Widget3DPassThrough_Masked.uasset" 163
"../../../Engine/Content/EngineMaterials/Widget3DPassThrough_Opaque.uasset" 164
"../../../Engine/Content/EngineMaterials/Widget3DPassThrough_Masked_OneSided.uasset" 165
"../../../Engine/Content/EngineMaterials/Widget3DPassThrough_Opaque_OneSided.uasset" 166
"../../../Engine/Content/EngineMaterials/Widget3DPassThrough_Translucent.uasset" 167
"../../../Engine/Content/EngineMaterials/Widget3DPassThrough_Translucent_OneSided.uasset" 168
"../../../Engine/Content/Functions/Engine_MaterialFunctions01/Opacity/CameraDepthFade.uasset" 169
"../../../Engine/Content/EngineMaterials/T_Default_Material_Grid_M.uasset" 170
"../../../Engine/Content/EngineMaterials/T_Default_Material_Grid_N.uasset" 171
"../../../Engine/Content/EngineMaterials/DefaultMaterial.uasset" 172
"../../../Engine/Content/EngineMeshes/Cube.uasset" 173
"../../../Engine/Content/EngineMeshes/Cylinder.uasset" 174
"../../../Engine/Content/EngineMeshes/Sphere.uasset" 175
"../../../Engine/Content/EngineResources/Black.uasset" 176
"../../../Engine/Content/EngineResources/DefaultTexture.uasset" 177
"../../../Engine/Content/EngineResources/DefaultTextureCube.uasset" 178
"../../../Engine/Content/EngineResources/GradientTexture0.uasset" 179
"../../../Engine/Content/EngineResources/StreamingPauseIcon.uasset" 180
"../../../Engine/Content/EngineResources/M_StreamingPause.uasset" 181
"../../../Engine/Content/EngineSounds/Master.uasset" 182
"../../../Engine/Content/Functions/Engine_MaterialFunctions01/Shading/PowerToRoughness.uasset" 183
"../../../Engine/Content/Maps/Templates/Thumbnails/Default.uasset" 184
"../../../Engine/Content/Maps/Templates/Thumbnails/VR-Basic.uasset" 185
"../../../Engine/Content/MapTemplates/Sky/DaylightAmbientCubemap.uasset" 186
"../../../Engine/Content/MobileResources/T_MobileControls_texture.uasset" 187
"../../../Engine/Content/MobileResources/T_MobileMenu2.uasset" 188
"../../../Engine/Content/MobileResources/HUD/AnalogHat.uasset" 189
"../../../Engine/Content/MobileResources/HUD/VirtualJoystick_Background.uasset" 190
"../../../Engine/Content/MobileResources/HUD/VirtualJoystick_Thumb.uasset" 191
"../../../Engine/Content/MobileResources/HUD/DefaultVirtualJoysticks.uasset" 192
"../../../Engine/Content/MobileResources/HUD/LeftVirtualJoystickOnly.uasset" 193
"../../../Engine/Content/MobileResources/HUD/MobileHUDButton1_off.uasset" 194
"../../../Engine/Content/MobileResources/HUD/MobileHUDButton1_on.uasset" 195
"../../../Engine/Content/MobileResources/HUD/MobileHUDButton2_off.uasset" 196
"../../../Engine/Content/MobileResources/HUD/MobileHUDButton2_on.uasset" 197
"../../../Engine/Content/MobileResources/HUD/MobileHUDButton3.uasset" 198
"../../../Engine/Content/MobileResources/HUD/MobileHUDButtonFire.uasset" 199
"../../../Engine/Content/MobileResources/HUD/MobileHUDDirectionPad.uasset" 200
"../../../Engine/Content/MobileResources/HUD/MobileHUDDirectionPad2.uasset" 201
"../../../Engine/Content/MobileResources/HUD/MobileHUDDirectionPad3.uasset" 202
"../../../Engine/Content/MobileResources/HUD/MobileHUDDirectionStick.uasset" 203
"../../../Engine/Content/MobileResources/HUD/T_Castle_ThumbstickInner.uasset" 204
"../../../Engine/Content/MobileResources/HUD/T_Castle_ThumbstickOutter.uasset" 205
"../../../Engine/Content/Tutorial/ContentIntroCurve.uasset" 206
"../../../Engine/Content/Tutorial/Basics/TutorialAssets/icon_tab_Levels_40x.uasset" 207
"../../../Engine/Content/Tutorial/BlueprintTutorials/TutorialAssets/BlueprintInterface_64x.uasset" 208
"../../../Engine/Content/Tutorial/BlueprintTutorials/TutorialAssets/BlueprintMacroLibrary_64x.uasset" 209
"../../../Engine/Content/Tutorial/BlueprintTutorials/TutorialAssets/Blueprint_64x.uasset" 210
"../../../Engine/Content/Tutorial/BlueprintTutorials/TutorialAssets/Tutorial_BP_Interface.uasset" 211
"../../../Engine/Content/Tutorial/Foliage/TutorialAssets/Foliage.uasset" 212
"../../../Engine/Content/Tutorial/Landscape/TutorialAssets/Landscape.uasset" 213
"../../../Engine/Content/Tutorial/Paper2D/TutorialAssets/Paper2DFlipbook_TutorialIcon.uasset" 214
"../../../Engine/Content/Tutorial/Paper2D/TutorialAssets/Paper2DSprite_TutorialIcon.uasset" 215
"../../../Engine/Content/Tutorial/SubEditors/TutorialAssets/icon_Editor_Preferences_General_40x.uasset" 216
"../../../Engine/Content/Tutorial/SubEditors/TutorialAssets/icon_ShowSkeletalMeshes_40x.uasset" 217
"../../../Engine/Content/Tutorial/SubEditors/TutorialAssets/TutorialMaterial.uasset" 218
"../../../Engine/Content/Tutorial/SubEditors/TutorialAssets/T_SmokeSubUV_8X8.uasset" 219
"../../../Engine/Content/Tutorial/SubEditors/TutorialAssets/T_soft_smoke.uasset" 220
"../../../Engine/Content/Tutorial/SubEditors/TutorialAssets/M_smoke_subUV_blackbody.uasset" 221
"../../../Engine/Content/Tutorial/SubEditors/TutorialAssets/TutorialParticleSystem.uasset" 222
"../../../Engine/Content/VREditor/Devices/Generic/GenericHMDMaterial.uasset" 223
"../../../Engine/Content/VREditor/Devices/Generic/GenericHMD.uasset" 224
"../../../Engine/Content/VREditor/FloatingText/LineMaterial.uasset" 225
"../../../Engine/Content/VREditor/FloatingText/JointSphere.uasset" 226
"../../../Engine/Content/VREditor/FloatingText/LineSegmentCylinder.uasset" 227
"../../../Engine/Content/VREditor/Fonts/VRText_RobotoLarge.uasset" 228
"../../../Engine/Content/VREditor/Fonts/VRTextMaterial.uasset" 229
"../../../Engine/Content/VREditor/Fonts/TranslucentVRTextMaterial.uasset" 230
"../../../Engine/Content/EngineMaterials/WorldGridMaterial.uasset" 231
"../../../Engine/Content/VREditor/LaserPointer/CursorPointer.uasset" 232
"../../../Engine/Content/VREditor/LaserPointer/VR_LaserPower_01.uasset" 233
"../../../Engine/Content/VREditor/TransformGizmo/TransformGizmoMaterial.uasset" 234
"../../../Engine/Content/VREditor/LaserPointer/HoverMaterial.uasset" 235
"../../../Engine/Content/VREditor/TransformGizmo/TranslucentTransformGizmoMaterial.uasset" 236
"../../../Engine/Content/VREditor/LaserPointer/TranslucentHoverMaterial.uasset" 237
"../../../Engine/Content/VREditor/LaserPointer/HoverMesh.uasset" 238
"../../../Engine/Content/VREditor/LaserPointer/LaserPointerMaterial.uasset" 239
"../../../Engine/Content/VREditor/LaserPointer/LaserPointerMaterialInst.uasset" 240
"../../../Engine/Content/VREditor/LaserPointer/TranslucentLaserPointerMaterialInst.uasset" 241
"../../../Engine/Content/VREditor/LaserPointer/LaserPointerMesh.uasset" 242
"../../../Engine/Content/VREditor/LaserPointer/LaserPointerMesh_End.uasset" 243
"../../../Engine/Content/VREditor/LaserPointer/LaserPointerMesh_Start.uasset" 244
"../../../Engine/Content/Functions/Engine_MaterialFunctions02/Utility/BreakOutFloat3Components.uasset" 245
"../../../Engine/Content/Functions/Engine_MaterialFunctions02/Math/Transform3x3Matrix.uasset" 246
"../../../Engine/Content/Functions/Engine_MaterialFunctions02/SplitComponents.uasset" 247
"../../../Engine/Content/Functions/Engine_MaterialFunctions02/Utility/MakeFloat3.uasset" 248
"../../../Engine/Content/VREditor/SnapGrid/SnapGridMaterial.uasset" 249
"../../../Engine/Content/VREditor/SnapGrid/SnapGridPlaneMesh.uasset" 250
"../../../Engine/Content/VREditor/Sounds/VR_teleport.uasset" 251
"../../../Engine/Content/VREditor/Sounds/UI/Click_on_Button_Cue.uasset" 252
"../../../Engine/Content/VREditor/Sounds/UI/Dockable_Window_Close.uasset" 253
"../../../Engine/Content/VREditor/Sounds/UI/Dockable_Window_Drop.uasset" 254
"../../../Engine/Content/VREditor/Sounds/UI/Dockable_Window_Open.uasset" 255
"../../../Engine/Content/VREditor/Sounds/UI/Dockable_Window_Pick_Up.uasset" 256
"../../../Engine/Content/VREditor/Sounds/UI/Drop_Item_From_ContentBrowser.uasset" 257
"../../../Engine/Content/VREditor/Sounds/UI/Floating_UI_Open-001.uasset" 258
"../../../Engine/Content/VREditor/Sounds/UI/Gizmo_Handle_Clicked.uasset" 259
"../../../Engine/Content/VREditor/Sounds/UI/Object_PickUp.uasset" 260
"../../../Engine/Content/VREditor/Sounds/UI/Object_Snaps_To_Another_Actor.uasset" 261
"../../../Engine/Content/VREditor/Sounds/UI/Object_Snaps_To_Grid.uasset" 262
"../../../Engine/Content/VREditor/Sounds/UI/Radial_Menu_FadeOut.uasset" 263
"../../../Engine/Content/VREditor/Sounds/UI/Scaling_Down.uasset" 264
"../../../Engine/Content/VREditor/Sounds/UI/Scaling_Up.uasset" 265
"../../../Engine/Content/VREditor/Sounds/UI/Selection_Changes.uasset" 266
"../../../Engine/Content/VREditor/Sounds/UI/Teleport_Mode_Entered.uasset" 267
"../../../Engine/Content/VREditor/Teleport/TeleportDirectionMaterial.uasset" 268
"../../../Engine/Content/VREditor/Teleport/TeleportDirectionMaterial_Inst.uasset" 269
"../../../Engine/Content/VREditor/Teleport/TeleportDirectionMesh.uasset" 270
"../../../Engine/Content/VREditor/TransformGizmo/BoundingBoxCorner.uasset" 271
"../../../Engine/Content/VREditor/TransformGizmo/BoundingBoxEdge.uasset" 272
"../../../Engine/Content/VREditor/TransformGizmo/PlaneTranslationHandle.uasset" 273
"../../../Engine/Content/VREditor/TransformGizmo/RotationHandleFull.uasset" 274
"../../../Engine/Content/VREditor/TransformGizmo/RotationHandleIndicator.uasset" 275
"../../../Engine/Content/VREditor/TransformGizmo/RotationHandleQuarter.uasset" 276
"../../../Engine/Content/VREditor/TransformGizmo/Main.uasset" 277
"../../../Engine/Content/VREditor/TransformGizmo/Xray.uasset" 278
"../../../Engine/Content/VREditor/TransformGizmo/SM_Dialog_Close.uasset" 279
"../../../Engine/Content/VREditor/TransformGizmo/SM_Dialog_Move.uasset" 280
"../../../Engine/Content/VREditor/TransformGizmo/SM_Sequencer_Key.uasset" 281
"../../../Engine/Content/VREditor/TransformGizmo/SM_Sequencer_Node.uasset" 282
"../../../Engine/Content/VREditor/TransformGizmo/StartRotationHandleIndicator.uasset" 283
"../../../Engine/Content/VREditor/TransformGizmo/TranslucentTransformGizmoMaterial_Inst.uasset" 284
"../../../Engine/Content/VREditor/TransformGizmo/TransformGizmoFreeRotation.uasset" 285
"../../../Engine/Content/VREditor/TransformGizmo/TransformGizmoMaterial_Inst.uasset" 286
"../../../Engine/Content/VREditor/TransformGizmo/TranslateArrowHandle.uasset" 287
"../../../Engine/Content/VREditor/TransformGizmo/UniformScaleHandle.uasset" 288
"../../../Engine/Content/VREditor/UI/KeyDiskMaterial.uasset" 289
"../../../Engine/Content/VREditor/UI/DiscMaterial.uasset" 290
"../../../Engine/Content/VREditor/UI/SM_Radial_Disk.uasset" 291
"../../../Engine/Content/Functions/Engine_MaterialFunctions01/Gradient/RadialGradient.uasset" 292
"../../../Engine/Content/VREditor/WorldMovementGrid/SimpleGrid.uasset" 293
"../../../Engine/Content/VREditor/WorldMovementGrid/GridMaterial.uasset" 294
"../../../Engine/Content/Functions/Engine_MaterialFunctions01/Density/ExponentialDensity.uasset" 295
"../../../Engine/Content/VREditor/WorldMovementGrid/GridPostProcess.uasset" 296
"../../../Engine/Content/EditorLandscapeResources/FlattenHeightMat.uasset" 297
"../../../Engine/Content/VREditor/WorldMovementGrid/PlaneMesh.uasset" 298
"../../../Astrogate/Content/BlueprintLibraries/BPVectorFunctions.uasset" 299
"../../../Astrogate/Content/BlueprintLibraries/ConversionMacroLibrary.uasset" 300
"../../../Astrogate/Content/FluidSimulation/Blueprints/Enums/EVolumeTextureDimensions.uasset" 301
"../../../Astrogate/Content/PaintingVolumeTextures/Blueprints/Core/Enums/LeftRight.uasset" 302
"../../../Astrogate/Content/PaintingVolumeTextures/Blueprints/Core/Enums/PaintModes.uasset" 303
"../../../Astrogate/Content/PaintingVolumeTextures/Blueprints/HUD/RadialMenu/Enums/E_RadialMenu_ObjectTypes.uasset" 304
"../../../Astrogate/Content/PaintingVolumeTextures/Blueprints/HUD/RadialMenu/Enums/E_RadialMenu_StateChanges.uasset" 305
"../../../Astrogate/Content/PaintingVolumeTextures/Blueprints/HUD/RadialMenu/Enums/E_RadialMenu_Widget_Types.uasset" 306
"../../../Engine/Content/EditorBlueprintResources/StandardMacros.uasset" 307
"../../../Astrogate/Content/RayMarching/Blueprints/Libraries/RandomVectorMaker.uasset" 308
"../../../Engine/Content/ArtTools/RenderToTexture/Enums/RenderToTexture_Enum.uasset" 309
"../../../Engine/Content/ArtTools/RenderToTexture/Enums/RenderToTexture_Flipbook_Enum.uasset" 310
"../../../Engine/Content/ArtTools/RenderToTexture/Enums/RenderToTexture_Imposter_Enum.uasset" 311
"../../../Engine/Content/ArtTools/RenderToTexture/Enums/EIntTypes.uasset" 312
"../../../Engine/Content/ArtTools/RenderToTexture/Macros/RenderToTextureFunctionLibrary.uasset" 313
"../../../Engine/Content/ArtTools/RenderToTexture/Enums/EFloatTypes.uasset" 314
"../../../Engine/Content/ArtTools/RenderToTexture/Macros/RenderToTextureMacros.uasset" 315
"../../../Engine/Content/ArtTools/RenderToTexture/Meshes/S_1_Unit_Plane.uasset" 316
"../../../Engine/Content/BasicShapes/Cone.uasset" 317
"../../../Engine/Content/BasicShapes/Cylinder.uasset" 318
"../../../Engine/Content/BasicShapes/Plane.uasset" 319
"../../../Engine/Content/EngineMaterials/DefaultPhysicalMaterial.uasset" 320
"../../../Engine/Content/BufferVisualization/AmbientOcclusion.uasset" 321
"../../../Engine/Content/BufferVisualization/BaseColor.uasset" 322
"../../../Engine/Content/BufferVisualization/CustomDepth.uasset" 323
"../../../Engine/Content/Functions/Engine_MaterialFunctions02/Utility/VectorLength.uasset" 324
"../../../Engine/Content/BufferVisualization/CustomDepthWorldUnits.uasset" 325
"../../../Engine/Content/Functions/Engine_MaterialFunctions01/Texturing/ScaleUVsByCenter.uasset" 326
"../../../Engine/Content/Functions/Engine_MaterialFunctions02/ScreenResolution.uasset" 327
"../../../Engine/Content/Functions/Engine_MaterialFunctions02/Texturing/ScreenAlignedUVs.uasset" 328
"../../../Engine/Content/Functions/Engine_MaterialFunctions02/Utility/MakeFloat2.uasset" 329
"../../../Engine/Content/EngineMaterials/MiniFont.uasset" 330
"../../../Engine/Content/BufferVisualization/CustomStencil.uasset" 331
"../../../Engine/Content/BufferVisualization/FinalImage.uasset" 332
"../../../Engine/Content/BufferVisualization/LightingModel.uasset" 333
"../../../Engine/Content/BufferVisualization/MaterialAO.uasset" 334
"../../../Engine/Content/BufferVisualization/Metallic.uasset" 335
"../../../Engine/Content/BufferVisualization/Opacity.uasset" 336
"../../../Engine/Content/BufferVisualization/PostTonemapHDRColor.uasset" 337
"../../../Engine/Content/BufferVisualization/PreTonemapHDRColor.uasset" 338
"../../../Engine/Content/BufferVisualization/Roughness.uasset" 339
"../../../Engine/Content/BufferVisualization/SceneColor.uasset" 340
"../../../Engine/Content/BufferVisualization/SceneDepth.uasset" 341
"../../../Engine/Content/BufferVisualization/SceneDepthWorldUnits.uasset" 342
"../../../Engine/Content/BufferVisualization/SeparateTranslucencyA.uasset" 343
"../../../Engine/Content/BufferVisualization/SeparateTranslucencyRGB.uasset" 344
"../../../Engine/Content/BufferVisualization/Specular.uasset" 345
"../../../Engine/Content/BufferVisualization/SubsurfaceColor.uasset" 346
"../../../Engine/Content/BufferVisualization/WorldNormal.uasset" 347
"../../../Engine/Content/EditorBlueprintResources/ActorMacros.uasset" 348
"../../../Engine/Content/EditorLandscapeResources/DataLayer.uasset" 349
"../../../Engine/Content/EditorLandscapeResources/DefaultAlphaTexture.uasset" 350
"../../../Engine/Content/EditorLandscapeResources/LandscapeGizmoHeight_Mat.uasset" 351
"../../../Engine/Content/EditorLandscapeResources/LandscapeGizmo_Mat.uasset" 352
"../../../Engine/Content/EditorLandscapeResources/LandscapeGizmo_Mat_Copied.uasset" 353
"../../../Engine/Content/EditorLandscapeResources/SplineEditorMeshMat.uasset" 354
"../../../Engine/Content/EditorLandscapeResources/SplineEditorMesh.uasset" 355
"../../../Engine/Content/EditorMaterials/Cross.uasset" 356
"../../../Engine/Content/EditorMaterials/Cross_Mat.uasset" 357
"../../../Engine/Content/EditorMaterials/GizmoMaterial.uasset" 358
"../../../Engine/Content/Functions/Engine_MaterialFunctions02/Utility/Sign.uasset" 359
"../../../Engine/Content/Functions/Engine_MaterialFunctions02/Utility/Round.uasset" 360
"../../../Engine/Content/Functions/Engine_MaterialFunctions02/ExampleContent/Textures/flipbook.uasset" 361
"../../../Engine/Content/Functions/Engine_MaterialFunctions02/Texturing/FlipBook.uasset" 362
"../../../Engine/Content/EditorResources/T_EditorHelp.uasset" 363
"../../../Engine/Content/EditorMaterials/HelpActorMaterial.uasset" 364
"../../../Engine/Content/EditorMaterials/CompositeARGBLayer.uasset" 365
"../../../Engine/Content/EditorMaterials/TilingAALineIntegral.uasset" 366
"../../../Engine/Content/EditorMaterials/TilingAALineBoxFiltered.uasset" 367
"../../../Engine/Content/Functions/Engine_MaterialFunctions03/Procedurals/ComputeFilterWidth.uasset" 368
"../../../Engine/Content/EditorMaterials/TilingAADots.uasset" 369
"../../../Engine/Content/EditorMaterials/Cascade/CASC_Cross.uasset" 370
"../../../Engine/Content/EditorMaterials/Cascade/CASC_None.uasset" 371
"../../../Engine/Content/Functions/Engine_MaterialFunctions03/Blends/Blend_Screen.uasset" 372
"../../../Engine/Content/EditorMaterials/TilingAAGrid.uasset" 373
"../../../Engine/Content/EditorMaterials/LevelGridMaterial.uasset" 374
"../../../Engine/Content/EditorMaterials/MakeCompositeARGBLayer.uasset" 375
"../../../Engine/Content/EditorResources/LevelGrid1DStripes.uasset" 376
"../../../Engine/Content/EditorMaterials/TextureGridCascaded1D.uasset" 377
"../../../Engine/Content/EditorMaterials/TextureGridCascaded2D.uasset" 378
"../../../Engine/Content/EditorMaterials/LevelGridMaterial2.uasset" 379
"../../../Engine/Content/EditorMaterials/MAT_Groups_Toggle.uasset" 380
"../../../Engine/Content/EditorMaterials/MAT_Groups_Visibility.uasset" 381
"../../../Engine/Content/EditorMaterials/AntialiasedGridFloor.uasset" 382
"../../../Engine/Content/EditorResources/TilePatine_D.uasset" 383
"../../../Engine/Content/EditorResources/TilePatine_N.uasset" 384
"../../../Engine/Content/EditorMaterials/PersonaFloorMat.uasset" 385
"../../../Engine/Content/EditorMaterials/PhAT_BoneSelectedMaterial.uasset" 386
"../../../Engine/Content/EditorMaterials/PhAT_ElemSelectedMaterial.uasset" 387
"../../../Engine/Content/EditorMaterials/PhAT_NoCollisionMaterial.uasset" 388
"../../../Engine/Content/EditorMaterials/PhAT_UnselectedMaterial.uasset" 389
"../../../Engine/Content/EditorMaterials/PreviewShadowIndicator.uasset" 390
"../../../Engine/Content/EditorMaterials/PreviewShadowIndicatorMaterial.uasset" 391
"../../../Engine/Content/EditorMaterials/TargetIcon.uasset" 392
"../../../Astrogate/Content/ThirdPersonBP/Maps/World.uasset" 393
"../../../Engine/Plugins/2D/Paper2D/Content/PlaceholderTextures/DummySpriteTexture.uasset" 394
"../../../Engine/Plugins/2D/Paper2D/Content/DummySprite.uasset" 395
"../../../Engine/Plugins/2D/Paper2D/Content/DefaultPaperTerrainMaterial.uasset" 396
"../../../Engine/Plugins/2D/Paper2D/Content/DefaultSpriteMaterial.uasset" 397
"../../../Engine/Plugins/2D/Paper2D/Content/MaskedUnlitSpriteMaterial.uasset" 398
"../../../Engine/Plugins/2D/Paper2D/Content/OpaqueUnlitSpriteMaterial.uasset" 399
"../../../Engine/Plugins/Marketplace/KantanCharts/Content/Style/CategoryStyles/DefaultCategoryStyleSet.uasset" 400
"../../../Engine/Plugins/Marketplace/KantanCharts/Content/Style/SeriesStyles/PointStyles/PointImages/PointStyle_Circle.uasset" 401
"../../../Engine/Plugins/Marketplace/KantanCharts/Content/Style/SeriesStyles/PointStyles/PS_Circle.uasset" 402
"../../../Engine/Plugins/Marketplace/KantanCharts/Content/Style/SeriesStyles/PointStyles/PointImages/PointStyle_Cross.uasset" 403
"../../../Engine/Plugins/Marketplace/KantanCharts/Content/Style/SeriesStyles/PointStyles/PS_Cross.uasset" 404
"../../../Engine/Plugins/Marketplace/KantanCharts/Content/Style/SeriesStyles/PointStyles/PointImages/PointStyle_Diamond.uasset" 405
"../../../Engine/Plugins/Marketplace/KantanCharts/Content/Style/SeriesStyles/PointStyles/PS_Diamond.uasset" 406
"../../../Engine/Plugins/Marketplace/KantanCharts/Content/Style/SeriesStyles/PointStyles/PointImages/PointStyle_Square.uasset" 407
"../../../Engine/Plugins/Marketplace/KantanCharts/Content/Style/SeriesStyles/PointStyles/PS_Square.uasset" 408
"../../../Engine/Plugins/Marketplace/KantanCharts/Content/Style/SeriesStyles/PointStyles/PointImages/PointStyle_X.uasset" 409
"../../../Engine/Plugins/Marketplace/KantanCharts/Content/Style/SeriesStyles/PointStyles/PS_X.uasset" 410
"../../../Engine/Plugins/Marketplace/KantanCharts/Content/Style/SeriesStyles/DefaultSeriesStyleSet.uasset" 411
"../../../Engine/Plugins/Media/MediaCompositing/Content/DefaultMediaPlaneMaterial.uasset" 412
"../../../Engine/Content/Functions/Engine_MaterialFunctions02/Utility/MakeFloat4.uasset" 413
"../../../Engine/Plugins/Runtime/AppleARKit/Content/ARKitCameraMaterial.uasset" 414
"../../../Engine/Plugins/Runtime/Oculus/OculusVR/Content/Textures/GearVRController_AO.uasset" 415
"../../../Engine/Plugins/Runtime/Oculus/OculusVR/Content/Textures/GearVRController_Color.uasset" 416
"../../../Engine/Plugins/Runtime/Oculus/OculusVR/Content/Textures/GearVRController_Normal.uasset" 417
"../../../Engine/Plugins/Runtime/Oculus/OculusVR/Content/Materials/GearVRControllerMaterial.uasset" 418
"../../../Engine/Plugins/Runtime/Oculus/OculusVR/Content/Meshes/GearVrController.uasset" 419
"../../../Astrogate/Content/ThirdPersonBP/Blueprints/MainMenu/MultiplayerMenu.uasset" 420
"../../../Astrogate/Content/ThirdPersonBP/Blueprints/MainMenu/Options/AudioOptionsMenu.uasset" 421
"../../../Astrogate/Content/ThirdPersonBP/Blueprints/MainMenu/Options/ControlOptionsMenu.uasset" 422
"../../../Astrogate/Content/ThirdPersonBP/Blueprints/MainMenu/Options/GameOptionsMenu.uasset" 423
"../../../Astrogate/Content/ThirdPersonBP/Blueprints/MainMenu/Options/Fullscreen.uasset" 424
"../../../Astrogate/Content/ThirdPersonBP/Blueprints/MainMenu/Options/VideoOptionsMenu.uasset" 425
"../../../Astrogate/Content/ThirdPersonBP/Blueprints/MainMenu/Options/OptionsMenu.uasset" 426
"../../../Astrogate/Content/ThirdPersonBP/Blueprints/MainMenu/SingleplayerMenu.uasset" 427
"../../../Astrogate/Content/ThirdPersonBP/Blueprints/MainMenu/MainMenu.uasset" 428
"../../../Astrogate/Content/ThirdPersonBP/Blueprints/MainMenu/MainMenuController.uasset" 429
"../../../Astrogate/Content/ThirdPersonBP/Blueprints/MainMenu/MainMenuGameMode.uasset" 430
"../../../Astrogate/Content/ThirdPersonBP/Res/space2.uasset" 431
"../../../Astrogate/Content/ThirdPersonBP/Materials/Functions/SkyboxFunction.uasset" 432
"../../../Astrogate/Content/ThirdPersonBP/Materials/SpaceMat.uasset" 433
"../../../Astrogate/Content/StarterContent/Blueprints/Assets/Skybox.uasset" 434
"../../../Astrogate/Content/ThirdPersonBP/Blueprints/SpaceBox.uasset" 435
"../../../Astrogate/Content/ThirdPersonBP/Res/MainMenuSpace.uasset" 436
"../../../Astrogate/Content/ThirdPersonBP/Materials/SpaceMatMainMenu.uasset" 437
"../../../Astrogate/Content/ThirdPersonBP/Blueprints/SpaceBoxMainMenu.uasset" 438
"../../../Astrogate/Content/ThirdPersonBP/Maps/MainMenu.umap" 439
"../../../Astrogate/Content/ThirdPersonBP/Blueprints/Structs/ItemStruct.uasset" 440
"../../../Astrogate/Content/ThirdPersonBP/Blueprints/BlockTypes.uasset" 441
"../../../Astrogate/Content/ThirdPersonBP/Blueprints/Items/Item_Object.uasset" 442
"../../../Astrogate/Content/ThirdPersonBP/Blueprints/Structs/GTCMarketItemStruct.uasset" 443
"../../../Astrogate/Content/ThirdPersonBP/Blueprints/Structs/PowerAllotmentStruct.uasset" 444
"../../../Astrogate/Content/ThirdPersonBP/Blueprints/Structs/GTCSaveStruct.uasset" 445
"../../../Astrogate/Content/ThirdPersonBP/Blueprints/Structs/PlayerSaveStruct.uasset" 446
"../../../Astrogate/Content/ThirdPersonBP/Blueprints/Structs/RecipeStruct.uasset" 447
"../../../Astrogate/Content/ThirdPersonBP/Res/Thumb/Blocks/Anchor.uasset" 448
"../../../Astrogate/Content/ThirdPersonBP/Materials/ItemThumbnails/ThumbMatSimple.uasset" 449
"../../../Astrogate/Content/ThirdPersonBP/Res/Thumb/CraftingComponents/CircuitBoardThumb.uasset" 450
"../../../Astrogate/Content/ThirdPersonBP/Materials/ItemThumbnails/CraftingComponents/CircuitBoardThumbMat.uasset" 451
"../../../Astrogate/Content/ThirdPersonBP/Blueprints/Items/CraftingComponents/Item_CircuitBoard.uasset" 452
"../../../Astrogate/Content/ThirdPersonBP/Res/Thumb/CraftingComponents/CPUThumb.uasset" 453
"../../../Astrogate/Content/ThirdPersonBP/Materials/ItemThumbnails/CraftingComponents/CPUThumbMat.uasset" 454
"../../../Astrogate/Content/ThirdPersonBP/Blueprints/Items/CraftingComponents/Item_CPU.uasset" 455
"../../../Astrogate/Content/ThirdPersonBP/Res/Thumb/CraftingComponents/ChipThumb.uasset" 456
"../../../Astrogate/Content/ThirdPersonBP/Materials/ItemThumbnails/CraftingComponents/ChipThumbMat.uasset" 457
"../../../Astrogate/Content/ThirdPersonBP/Blueprints/Items/CraftingComponents/Item_GraphicsChip.uasset" 458
"../../../Astrogate/Content/ThirdPersonBP/Res/Thumb/CraftingComponents/MetalFrame.uasset" 459
"../../../Astrogate/Content/ThirdPersonBP/Materials/ItemThumbnails/CraftingComponents/MetalFrameThumb.uasset" 460
"../../../Astrogate/Content/ThirdPersonBP/Blueprints/Items/CraftingComponents/Item_MetalFrame.uasset" 461
"../../../Astrogate/Content/ThirdPersonBP/Res/Thumb/CraftingComponents/Pipe.uasset" 462
"../../../Astrogate/Content/ThirdPersonBP/Materials/ItemThumbnails/CraftingComponents/PipeThumbMat.uasset" 463
"../../../Astrogate/Content/ThirdPersonBP/Blueprints/Items/CraftingComponents/Item_Pipe.uasset" 464
"../../../Engine/Content/Functions/Engine_MaterialFunctions02/Utility/BlendAngleCorrectedNormals.uasset" 465
"../../../Astrogate/Content/StarterContent/Textures/T_MacroVariation.uasset" 466
"../../../Astrogate/Content/StarterContent/Textures/T_Metal_Rust_D.uasset" 467
"../../../Astrogate/Content/StarterContent/Textures/T_Metal_Rust_N.uasset" 468
"../../../Astrogate/Content/ThirdPersonBP/Materials/Slag.uasset" 469
"../../../Astrogate/Content/ThirdPersonBP/Models/Ingot.uasset" 470
"../../../Astrogate/Content/ThirdPersonBP/Blueprints/Items/Ingots/Item_IngotParent.uasset" 471
"../../../Astrogate/Content/StarterContent/Textures/T_Metal_Aluminum_D.uasset" 472
"../../../Astrogate/Content/ThirdPersonBP/Materials/Functions/MetalColor.uasset" 473
"../../../Astrogate/Content/ThirdPersonBP/Materials/Functions/MetalMetalic.uasset" 474
"../../../Astrogate/Content/StarterContent/Textures/T_Metal_Gold_N.uasset" 475
"../../../Astrogate/Content/ThirdPersonBP/Materials/Functions/MetalNormal.uasset" 476
"../../../Astrogate/Content/ThirdPersonBP/Materials/Functions/MetalRoughness.uasset" 477
"../../../Astrogate/Content/ThirdPersonBP/Materials/Ingots/IngotMat_Parent.uasset" 478
"../../../Astrogate/Content/ThirdPersonBP/Materials/Ingots/IngotMat_Brass.uasset" 479
"../../../Astrogate/Content/ThirdPersonBP/Res/Thumb/Ingots/IngotBrass.uasset" 480
"../../../Astrogate/Content/ThirdPersonBP/Materials/Ingots/IngotThumbnails/IngotBrassThumb.uasset" 481
"../../../Astrogate/Content/ThirdPersonBP/Blueprints/Items/Ingots/CraftedIngots/Item_BrassIngot.uasset" 482
"../../../Astrogate/Content/ThirdPersonBP/Materials/Ingots/IngotMat_Bronze.uasset" 483
"../../../Astrogate/Content/ThirdPersonBP/Res/Thumb/Ingots/IngotBronze.uasset" 484
"../../../Astrogate/Content/ThirdPersonBP/Materials/Ingots/IngotThumbnails/IngotBronzeThumb.uasset" 485
"../../../Astrogate/Content/ThirdPersonBP/Blueprints/Items/Ingots/CraftedIngots/Item_BronzeIngot.uasset" 486
"../../../Astrogate/Content/ThirdPersonBP/Materials/Ingots/IngotMat_Parent_Brushed.uasset" 487
"../../../Astrogate/Content/ThirdPersonBP/Materials/Ingots/IngotMat_Steel.uasset" 488
"../../../Astrogate/Content/ThirdPersonBP/Res/Thumb/Ingots/IngotSteel.uasset" 489
"../../../Astrogate/Content/ThirdPersonBP/Materials/Ingots/IngotThumbnails/IngotSteelThumb.uasset" 490
"../../../Astrogate/Content/ThirdPersonBP/Blueprints/Items/Ingots/CraftedIngots/Item_SteelIngot.uasset" 491
"../../../Astrogate/Content/ThirdPersonBP/Materials/Ingots/IngotMat_Cobalt.uasset" 492
"../../../Astrogate/Content/ThirdPersonBP/Res/Thumb/Ingots/IngotCobalt.uasset" 493
"../../../Astrogate/Content/ThirdPersonBP/Materials/Ingots/IngotThumbnails/IngotCobaltThumb.uasset" 494
"../../../Astrogate/Content/ThirdPersonBP/Blueprints/Items/Ingots/Item_CobaltIngot.uasset" 495
"../../../Astrogate/Content/ThirdPersonBP/Materials/Ingots/IngotMat_Copper.uasset" 496
"../../../Astrogate/Content/ThirdPersonBP/Res/Thumb/Ingots/IngotCopper.uasset" 497
"../../../Astrogate/Content/ThirdPersonBP/Materials/Ingots/IngotThumbnails/IngotCopperThumb.uasset" 498
"../../../Astrogate/Content/ThirdPersonBP/Blueprints/Items/Ingots/Item_CopperIngot.uasset" 499
"../../../Astrogate/Content/ThirdPersonBP/Materials/Ingots/IngotMat_Gold.uasset" 500
"../../../Astrogate/Content/ThirdPersonBP/Res/Thumb/Ingots/IngotGold.uasset" 501
"../../../Astrogate/Content/ThirdPersonBP/Materials/Ingots/IngotThumbnails/IngotGoldThumb.uasset" 502
"../../../Astrogate/Content/ThirdPersonBP/Blueprints/Items/Ingots/Item_GoldIngot.uasset" 503
"../../../Astrogate/Content/ThirdPersonBP/Materials/Ingots/IngotMat_Iron.uasset" 504
"../../../Astrogate/Content/ThirdPersonBP/Res/Thumb/Ingots/IngotIron.uasset" 505
"../../../Astrogate/Content/ThirdPersonBP/Materials/Ingots/IngotThumbnails/IngotIronThumb.uasset" 506
"../../../Astrogate/Content/ThirdPersonBP/Blueprints/Items/Ingots/Item_IronIngot.uasset" 507
"../../../Astrogate/Content/ThirdPersonBP/Materials/Ingots/IngotMat_Lead.uasset" 508
"../../../Astrogate/Content/ThirdPersonBP/Res/Thumb/Ingots/IngotLead.uasset" 509
"../../../Astrogate/Content/ThirdPersonBP/Materials/Ingots/IngotThumbnails/IngotLeadThumb.uasset" 510
"../../../Astrogate/Content/ThirdPersonBP/Blueprints/Items/Ingots/Item_LeadIngot.uasset" 511
"../../../Astrogate/Content/ThirdPersonBP/Materials/Ingots/IngotMat_Manganese.uasset" 512
"../../../Astrogate/Content/ThirdPersonBP/Res/Thumb/Ingots/IngotManganese.uasset" 513
"../../../Astrogate/Content/ThirdPersonBP/Materials/Ingots/IngotThumbnails/IngotManganeseThumb.uasset" 514
"../../../Astrogate/Content/ThirdPersonBP/Blueprints/Items/Ingots/Item_ManganeseIngot.uasset" 515
"../../../Astrogate/Content/ThirdPersonBP/Materials/Ingots/IngotMat_Nickel.uasset" 516
"../../../Astrogate/Content/ThirdPersonBP/Res/Thumb/Ingots/IngotNickel.uasset" 517
"../../../Astrogate/Content/ThirdPersonBP/Materials/Ingots/IngotThumbnails/IngotNickelThumb.uasset" 518
"../../../Astrogate/Content/ThirdPersonBP/Blueprints/Items/Ingots/Item_NickelIngot.uasset" 519
"../../../Astrogate/Content/ThirdPersonBP/Materials/Ingots/IngotMat_Osmium.uasset" 520
"../../../Astrogate/Content/ThirdPersonBP/Res/Thumb/Ingots/IngotOsmium.uasset" 521
"../../../Astrogate/Content/ThirdPersonBP/Materials/Ingots/IngotThumbnails/IngotOsmiumThumb.uasset" 522
"../../../Astrogate/Content/ThirdPersonBP/Blueprints/Items/Ingots/Item_OsmiumIngot.uasset" 523
"../../../Astrogate/Content/ThirdPersonBP/Materials/Ingots/IngotMat_Rhodium.uasset" 524
"../../../Astrogate/Content/ThirdPersonBP/Res/Thumb/Ingots/IngotRhodium.uasset" 525
"../../../Astrogate/Content/ThirdPersonBP/Materials/Ingots/IngotThumbnails/IngotRhodiumThumb.uasset" 526
"../../../Astrogate/Content/ThirdPersonBP/Blueprints/Items/Ingots/Item_RhodiumIngot.uasset" 527
"../../../Astrogate/Content/ThirdPersonBP/Materials/Ingots/IngotMat_Silver.uasset" 528
"../../../Astrogate/Content/ThirdPersonBP/Res/Thumb/Ingots/IngotSilver.uasset" 529
"../../../Astrogate/Content/ThirdPersonBP/Materials/Ingots/IngotThumbnails/IngotSilverThumb.uasset" 530
"../../../Astrogate/Content/ThirdPersonBP/Blueprints/Items/Ingots/Item_SilverIngot.uasset" 531
"../../../Astrogate/Content/ThirdPersonBP/Materials/Ingots/IngotMat_Tin.uasset" 532
"../../../Astrogate/Content/ThirdPersonBP/Res/Thumb/Ingots/IngotTin.uasset" 533
"../../../Astrogate/Content/ThirdPersonBP/Materials/Ingots/IngotThumbnails/IngotTinThumb.uasset" 534
"../../../Astrogate/Content/ThirdPersonBP/Blueprints/Items/Ingots/Item_TinIngot.uasset" 535
"../../../Astrogate/Content/ThirdPersonBP/Materials/Ingots/IngotMat_Titanium.uasset" 536
"../../../Astrogate/Content/ThirdPersonBP/Res/Thumb/Ingots/IngotTitantium.uasset" 537
"../../../Astrogate/Content/ThirdPersonBP/Materials/Ingots/IngotThumbnails/IngotTitaniumThumb.uasset" 538
"../../../Astrogate/Content/ThirdPersonBP/Blueprints/Items/Ingots/Item_TitaniumIngot.uasset" 539
"../../../Astrogate/Content/ThirdPersonBP/Materials/Ingots/IngotMat_Tungsten.uasset" 540
"../../../Astrogate/Content/ThirdPersonBP/Res/Thumb/Ingots/IngotTungsten.uasset" 541
"../../../Astrogate/Content/ThirdPersonBP/Materials/Ingots/IngotThumbnails/IngotTungstenThumb.uasset" 542
"../../../Astrogate/Content/ThirdPersonBP/Blueprints/Items/Ingots/Item_TungstenIngot.uasset" 543
"../../../Astrogate/Content/ThirdPersonBP/Materials/Ingots/IngotMat_Zinc.uasset" 544
"../../../Astrogate/Content/ThirdPersonBP/Res/Thumb/Ingots/IngotZinc.uasset" 545
"../../../Astrogate/Content/ThirdPersonBP/Materials/Ingots/IngotThumbnails/IngotZincThumb.uasset" 546
"../../../Astrogate/Content/ThirdPersonBP/Blueprints/Items/Ingots/Item_ZincIngot.uasset" 547
"../../../Astrogate/Content/ThirdPersonBP/Res/Thumb/Ingots/Slag/IngotSlag.uasset" 548
"../../../Astrogate/Content/ThirdPersonBP/Materials/Ingots/IngotThumbnails/Slag/IngotSlagThumb.uasset" 549
"../../../Astrogate/Content/ThirdPersonBP/Blueprints/Items/Ingots/Slag/Item_SlagIngot.uasset" 550
"../../../Astrogate/Content/ThirdPersonBP/Res/Thumb/Ingots/Slag/IngotSlag_1.uasset" 551
"../../../Astrogate/Content/ThirdPersonBP/Materials/Ingots/IngotThumbnails/Slag/IngotSlag1.uasset" 552
"../../../Astrogate/Content/ThirdPersonBP/Blueprints/Items/Ingots/Slag/Item_SlagIngot1.uasset" 553
"../../../Astrogate/Content/ThirdPersonBP/Res/Thumb/Ingots/Slag/IngotSlag_10.uasset" 554
"../../../Astrogate/Content/ThirdPersonBP/Materials/Ingots/IngotThumbnails/Slag/IngotSlag10.uasset" 555
"../../../Astrogate/Content/ThirdPersonBP/Blueprints/Items/Ingots/Slag/Item_SlagIngot10.uasset" 556
"../../../Astrogate/Content/ThirdPersonBP/Res/Thumb/Ingots/Slag/IngotSlag_11.uasset" 557
"../../../Astrogate/Content/ThirdPersonBP/Materials/Ingots/IngotThumbnails/Slag/IngotSlag11.uasset" 558
"../../../Astrogate/Content/ThirdPersonBP/Blueprints/Items/Ingots/Slag/Item_SlagIngot11.uasset" 559
"../../../Astrogate/Content/ThirdPersonBP/Res/Thumb/Ingots/Slag/IngotSlag_12.uasset" 560
"../../../Astrogate/Content/ThirdPersonBP/Materials/Ingots/IngotThumbnails/Slag/IngotSlag12.uasset" 561
"../../../Astrogate/Content/ThirdPersonBP/Blueprints/Items/Ingots/Slag/Item_SlagIngot12.uasset" 562
"../../../Astrogate/Content/ThirdPersonBP/Res/Thumb/Ingots/Slag/IngotSlag_13.uasset" 563
"../../../Astrogate/Content/ThirdPersonBP/Materials/Ingots/IngotThumbnails/Slag/IngotSlag13.uasset" 564
"../../../Astrogate/Content/ThirdPersonBP/Blueprints/Items/Ingots/Slag/Item_SlagIngot13.uasset" 565
"../../../Astrogate/Content/ThirdPersonBP/Res/Thumb/Ingots/Slag/IngotSlag_14.uasset" 566
"../../../Astrogate/Content/ThirdPersonBP/Materials/Ingots/IngotThumbnails/Slag/IngotSlag14.uasset" 567
"../../../Astrogate/Content/ThirdPersonBP/Blueprints/Items/Ingots/Slag/Item_SlagIngot14.uasset" 568
"../../../Astrogate/Content/ThirdPersonBP/Res/Thumb/Ingots/Slag/IngotSlag_15.uasset" 569
"../../../Astrogate/Content/ThirdPersonBP/Materials/Ingots/IngotThumbnails/Slag/IngotSlag15.uasset" 570
"../../../Astrogate/Content/ThirdPersonBP/Blueprints/Items/Ingots/Slag/Item_SlagIngot15.uasset" 571
"../../../Astrogate/Content/ThirdPersonBP/Res/Thumb/Ingots/Slag/IngotSlag_2.uasset" 572
"../../../Astrogate/Content/ThirdPersonBP/Materials/Ingots/IngotThumbnails/Slag/IngotSlag2.uasset" 573
"../../../Astrogate/Content/ThirdPersonBP/Blueprints/Items/Ingots/Slag/Item_SlagIngot2.uasset" 574
"../../../Astrogate/Content/ThirdPersonBP/Res/Thumb/Ingots/Slag/IngotSlag_3.uasset" 575
"../../../Astrogate/Content/ThirdPersonBP/Materials/Ingots/IngotThumbnails/Slag/IngotSlag3.uasset" 576
"../../../Astrogate/Content/ThirdPersonBP/Blueprints/Items/Ingots/Slag/Item_SlagIngot3.uasset" 577
"../../../Astrogate/Content/ThirdPersonBP/Res/Thumb/Ingots/Slag/IngotSlag_4.uasset" 578
"../../../Astrogate/Content/ThirdPersonBP/Materials/Ingots/IngotThumbnails/Slag/IngotSlag4.uasset" 579
"../../../Astrogate/Content/ThirdPersonBP/Blueprints/Items/Ingots/Slag/Item_SlagIngot4.uasset" 580
"../../../Astrogate/Content/ThirdPersonBP/Res/Thumb/Ingots/Slag/IngotSlag_5.uasset" 581
"../../../Astrogate/Content/ThirdPersonBP/Materials/Ingots/IngotThumbnails/Slag/IngotSlag5.uasset" 582
"../../../Astrogate/Content/ThirdPersonBP/Blueprints/Items/Ingots/Slag/Item_SlagIngot5.uasset" 583
"../../../Astrogate/Content/ThirdPersonBP/Res/Thumb/Ingots/Slag/IngotSlag_6.uasset" 584
"../../../Astrogate/Content/ThirdPersonBP/Materials/Ingots/IngotThumbnails/Slag/IngotSlag6.uasset" 585
"../../../Astrogate/Content/ThirdPersonBP/Blueprints/Items/Ingots/Slag/Item_SlagIngot6.uasset" 586
"../../../Astrogate/Content/ThirdPersonBP/Res/Thumb/Ingots/Slag/IngotSlag_7.uasset" 587
"../../../Astrogate/Content/ThirdPersonBP/Materials/Ingots/IngotThumbnails/Slag/IngotSlag7.uasset" 588
"../../../Astrogate/Content/ThirdPersonBP/Blueprints/Items/Ingots/Slag/Item_SlagIngot7.uasset" 589
"../../../Astrogate/Content/ThirdPersonBP/Res/Thumb/Ingots/Slag/IngotSlag_8.uasset" 590
"../../../Astrogate/Content/ThirdPersonBP/Materials/Ingots/IngotThumbnails/Slag/IngotSlag8.uasset" 591
"../../../Astrogate/Content/ThirdPersonBP/Blueprints/Items/Ingots/Slag/Item_SlagIngot8.uasset" 592
"../../../Astrogate/Content/ThirdPersonBP/Res/Thumb/Ingots/Slag/IngotSlag_9.uasset" 593
"../../../Astrogate/Content/ThirdPersonBP/Materials/Ingots/IngotThumbnails/Slag/IngotSlag9.uasset" 594
"../../../Astrogate/Content/ThirdPersonBP/Blueprints/Items/Ingots/Slag/Item_SlagIngot9.uasset" 595
"../../../Engine/Content/Functions/MaterialLayerFunctions/MatLayerBlend_OverrideBaseColor.uasset" 596
"../../../Astrogate/Content/ThirdPersonBP/Res/IronOre_Diffuse.uasset" 597
"../../../Astrogate/Content/ThirdPersonBP/Res/IronOre_Normal.uasset" 598
"../../../Astrogate/Content/ThirdPersonBP/Res/IronOre_OreMap.uasset" 599
"../../../Astrogate/Content/ThirdPersonBP/Res/IronOre_Roughness.uasset" 600
"../../../Astrogate/Content/ThirdPersonBP/Materials/Ores/OreMat.uasset" 601
"../../../Astrogate/Content/ThirdPersonBP/Models/stone.uasset" 602
"../../../Astrogate/Content/ThirdPersonBP/Blueprints/Items/Ores/Item_OreParent.uasset" 603
"../../../Astrogate/Content/ThirdPersonBP/Res/Thumb/ResourcesMisc/Carbon.uasset" 604
"../../../Astrogate/Content/ThirdPersonBP/Materials/ItemThumbnails/CarbonThumbMat.uasset" 605
"../../../Astrogate/Content/ThirdPersonBP/Blueprints/Items/Ores/Item_Carbon.uasset" 606
"../../../Astrogate/Content/ThirdPersonBP/Res/Thumb/ResourcesMisc/Lithium.uasset" 607
"../../../Astrogate/Content/ThirdPersonBP/Materials/ItemThumbnails/LithiumThumbMat.uasset" 608
"../../../Astrogate/Content/ThirdPersonBP/Blueprints/Items/Ores/Item_Lithium.uasset" 609
"../../../Astrogate/Content/ThirdPersonBP/Res/Thumb/ResourcesMisc/Phosphorus.uasset" 610
"../../../Astrogate/Content/ThirdPersonBP/Materials/ItemThumbnails/PhosphorusThumbMat.uasset" 611
"../../../Astrogate/Content/ThirdPersonBP/Blueprints/Items/Ores/Item_Phosphorus.uasset" 612
"../../../Astrogate/Content/ThirdPersonBP/Res/Gears.uasset" 613
"../../../Astrogate/Content/ThirdPersonBP/Res/GearsOutline.uasset" 614
"../../../Astrogate/Content/ThirdPersonBP/Materials/AutoCrafterMat.uasset" 615
"../../../Astrogate/Content/ThirdPersonBP/Res/Thumb/Blocks/AutoCrafterThumb.uasset" 616
"../../../Astrogate/Content/ThirdPersonBP/Materials/ItemThumbnails/AutoCrafterThumbMat.uasset" 617
"../../../Astrogate/Content/ThirdPersonBP/Materials/Tron.uasset" 618
"../../../Astrogate/Content/ThirdPersonBP/Models/LightArmorCube.uasset" 619
"../../../Astrogate/Content/ThirdPersonBP/Blueprints/Items/Placeable/Item_AutoCrafter.uasset" 620
"../../../Astrogate/Content/ThirdPersonBP/Res/891_Lava.uasset" 621
"../../../Astrogate/Content/ThirdPersonBP/Res/lava_texture__2560_x_1440__by_mysteriousdove-d88wa0p.uasset" 622
"../../../Astrogate/Content/ThirdPersonBP/Materials/Functions/GlowEmissiveMask.uasset" 623
"../../../Astrogate/Content/ThirdPersonBP/Res/Cannon.uasset" 624
"../../../Astrogate/Content/ThirdPersonBP/Res/Cannon_GlowMask.uasset" 625
"../../../Astrogate/Content/ThirdPersonBP/Res/Cannon_Something.uasset" 626
"../../../Astrogate/Content/ThirdPersonBP/Materials/CannonMat.uasset" 627
"../../../Astrogate/Content/ThirdPersonBP/Materials/CannonMat_Purple.uasset" 628
"../../../Astrogate/Content/ThirdPersonBP/Res/Thumb/Blocks/CannonThumb.uasset" 629
"../../../Astrogate/Content/ThirdPersonBP/Materials/ItemThumbnails/CannonThumbMat.uasset" 630
"../../../Astrogate/Content/ThirdPersonBP/Blueprints/Items/Placeable/Item_Cannon.uasset" 631
"../../../Astrogate/Content/ThirdPersonBP/Res/RechargeInner.uasset" 632
"../../../Astrogate/Content/ThirdPersonBP/Res/RechargeOuter.uasset" 633
"../../../Astrogate/Content/ThirdPersonBP/Materials/CapacitorMat.uasset" 634
"../../../Astrogate/Content/ThirdPersonBP/Materials/CapacitorFull.uasset" 635
"../../../Astrogate/Content/ThirdPersonBP/Res/Thumb/Blocks/CapacitorThumb.uasset" 636
"../../../Astrogate/Content/ThirdPersonBP/Materials/ItemThumbnails/CapactiroThumbMat.uasset" 637
"../../../Astrogate/Content/ThirdPersonBP/Blueprints/Items/Placeable/Item_Capacitor.uasset" 638
"../../../Astrogate/Content/ThirdPersonBP/Res/Crate/ab_crate_a.uasset" 639
"../../../Astrogate/Content/ThirdPersonBP/Res/Crate/ab_crate_a_nm.uasset" 640
"../../../Astrogate/Content/ThirdPersonBP/Res/Crate/ab_crate_a_sm.uasset" 641
"../../../Astrogate/Content/ThirdPersonBP/Materials/CrateMat.uasset" 642
"../../../Astrogate/Content/ThirdPersonBP/Res/Thumb/Blocks/CrateThumb.uasset" 643
"../../../Astrogate/Content/ThirdPersonBP/Materials/ItemThumbnails/CrateThumbMat.uasset" 644
"../../../Astrogate/Content/ThirdPersonBP/Blueprints/Items/Placeable/Item_Crate.uasset" 645
"../../../Astrogate/Content/ThirdPersonBP/Res/Input.uasset" 646
"../../../Astrogate/Content/ThirdPersonBP/Materials/Extractor.uasset" 647
"../../../Astrogate/Content/ThirdPersonBP/Materials/ItemThumbnails/ExtractorThumbMat.uasset" 648
"../../../Astrogate/Content/ThirdPersonBP/Blueprints/Items/Placeable/Item_Extractor.uasset" 649
"../../../Engine/Content/Functions/Engine_MaterialFunctions01/WorldPositionOffset/SimpleGrassWind.uasset" 650
"../../../Engine/Content/Functions/Engine_MaterialFunctions02/Utility/AppendMany.uasset" 651
"../../../Astrogate/Content/ThirdPersonBP/Res/Lava1.uasset" 652
"../../../Astrogate/Content/ThirdPersonBP/Res/Lava3.uasset" 653
"../../../Astrogate/Content/ThirdPersonBP/Materials/Functions/GlowEmissiveMask2.uasset" 654
"../../../Astrogate/Content/ThirdPersonBP/Res/FrameOpacity.uasset" 655
"../../../Astrogate/Content/ThirdPersonBP/Res/FrameRoughness.uasset" 656
"../../../Astrogate/Content/ThirdPersonBP/Materials/FurnaceMat.uasset" 657
"../../../Astrogate/Content/ThirdPersonBP/Res/Thumb/Blocks/FurnaceThumb.uasset" 658
"../../../Astrogate/Content/ThirdPersonBP/Materials/ItemThumbnails/FurnaceThumbMat.uasset" 659
"../../../Astrogate/Content/ThirdPersonBP/Blueprints/Items/Placeable/Item_Furnace.uasset" 660
"../../../Astrogate/Content/ThirdPersonBP/Res/Thumb/Blocks/HeavyArmorThumb.uasset" 661
"../../../Astrogate/Content/ThirdPersonBP/Materials/ItemThumbnails/HeavyArmorThumb.uasset" 662
"../../../Astrogate/Content/ThirdPersonBP/Blueprints/Items/Placeable/Item_HeavyArmorCube.uasset" 663
"../../../Astrogate/Content/ThirdPersonBP/Res/Output.uasset" 664
"../../../Astrogate/Content/ThirdPersonBP/Materials/Injector.uasset" 665
"../../../Astrogate/Content/ThirdPersonBP/Materials/ItemThumbnails/InjectorThumbMat.uasset" 666
"../../../Astrogate/Content/ThirdPersonBP/Blueprints/Items/Placeable/Item_Injector.uasset" 667
"../../../Astrogate/Content/ThirdPersonBP/Materials/LightMat.uasset" 668
"../../../Astrogate/Content/ThirdPersonBP/Res/Thumb/Blocks/LightThumb.uasset" 669
"../../../Astrogate/Content/ThirdPersonBP/Materials/ItemThumbnails/LightThumbMat.uasset" 670
"../../../Astrogate/Content/ThirdPersonBP/Blueprints/Items/Placeable/Item_Light.uasset" 671
"../../../Astrogate/Content/ThirdPersonBP/Res/Thumb/Blocks/LightArmorThumb.uasset" 672
"../../../Astrogate/Content/ThirdPersonBP/Materials/ItemThumbnails/LightArmorThumbMat.uasset" 673
"../../../Astrogate/Content/ThirdPersonBP/Blueprints/Items/Placeable/Item_LightArmorCube.uasset" 674
"../../../Astrogate/Content/ThirdPersonBP/Materials/ManufacturingMat.uasset" 675
"../../../Astrogate/Content/ThirdPersonBP/Res/Thumb/Blocks/ManufacturingThumb.uasset" 676
"../../../Astrogate/Content/ThirdPersonBP/Materials/ItemThumbnails/ManufacturingThumbMat.uasset" 677
"../../../Astrogate/Content/ThirdPersonBP/Blueprints/Items/Placeable/Item_ManufacturingPlant.uasset" 678
"../../../Astrogate/Content/ThirdPersonBP/Res/NanoGrid.uasset" 679
"../../../Astrogate/Content/ThirdPersonBP/Res/NanoGrid_Normal.uasset" 680
"../../../Astrogate/Content/ThirdPersonBP/Materials/MiningGunMat.uasset" 681
"../../../Astrogate/Content/ThirdPersonBP/Res/Thumb/Blocks/MiningGunThumb.uasset" 682
"../../../Astrogate/Content/ThirdPersonBP/Materials/ItemThumbnails/MiningGunThumbMat.uasset" 683
"../../../Astrogate/Content/ThirdPersonBP/Blueprints/Items/Placeable/Item_MiningGun.uasset" 684
"../../../Engine/Content/Functions/Engine_MaterialFunctions01/Gradient/RadialGradientExponential.uasset" 685
"../../../Astrogate/Content/ThirdPersonBP/Res/radiation-warning-sign-henrik-lehnerer.uasset" 686
"../../../Astrogate/Content/ThirdPersonBP/Res/RadiationMask.uasset" 687
"../../../Astrogate/Content/ThirdPersonBP/Res/RingMask.uasset" 688
"../../../Astrogate/Content/ThirdPersonBP/Materials/ReactorMat.uasset" 689
"../../../Astrogate/Content/ThirdPersonBP/Res/Thumb/Blocks/ReactorThumb.uasset" 690
"../../../Astrogate/Content/ThirdPersonBP/Materials/ItemThumbnails/ReactorThumbMat.uasset" 691
"../../../Astrogate/Content/ThirdPersonBP/Blueprints/Items/Placeable/Item_Reactor.uasset" 692
"../../../Astrogate/Content/ThirdPersonBP/Materials/RefineryMat.uasset" 693
"../../../Astrogate/Content/ThirdPersonBP/Res/Thumb/Blocks/RefineryThumb.uasset" 694
"../../../Astrogate/Content/ThirdPersonBP/Materials/ItemThumbnails/RefineryThumbMat.uasset" 695
"../../../Astrogate/Content/ThirdPersonBP/Blueprints/Items/Placeable/Item_Refinery.uasset" 696
"../../../Astrogate/Content/ThirdPersonBP/Materials/RefineryTier2Mat.uasset" 697
"../../../Astrogate/Content/ThirdPersonBP/Res/Thumb/Blocks/RefineryTier2Thumb.uasset" 698
"../../../Astrogate/Content/ThirdPersonBP/Materials/ItemThumbnails/RefineryTier2ThumbMat.uasset" 699
"../../../Astrogate/Content/ThirdPersonBP/Blueprints/Items/Placeable/Item_RefineryTier2.uasset" 700
"../../../Astrogate/Content/ThirdPersonBP/Materials/SelectiveCrateMat.uasset" 701
"../../../Astrogate/Content/ThirdPersonBP/Res/Thumb/Blocks/SelectiveCrateThumb.uasset" 702
"../../../Astrogate/Content/ThirdPersonBP/Materials/ItemThumbnails/SelectiveCrateThumbMat.uasset" 703
"../../../Astrogate/Content/ThirdPersonBP/Blueprints/Items/Placeable/Item_SelectiveCrate.uasset" 704
"../../../Astrogate/Content/ThirdPersonBP/Res/Thumb/Blocks/ShieldArmorThumb.uasset" 705
"../../../Astrogate/Content/ThirdPersonBP/Materials/ItemThumbnails/ShieldArmorThumb.uasset" 706
"../../../Astrogate/Content/ThirdPersonBP/Blueprints/Items/Placeable/Item_ShieldArmorCube.uasset" 707
"../../../Astrogate/Content/ThirdPersonBP/Res/Cross.uasset" 708
"../../../Astrogate/Content/ThirdPersonBP/Materials/CrossMaterial.uasset" 709
"../../../Astrogate/Content/ThirdPersonBP/Res/Thumb/Blocks/ShipCoreThumb.uasset" 710
"../../../Astrogate/Content/ThirdPersonBP/Materials/ItemThumbnails/ShipCoreThumbMat.uasset" 711
"../../../Astrogate/Content/ThirdPersonBP/Blueprints/Items/Placeable/Item_ShipCore.uasset" 712
"../../../Astrogate/Content/ThirdPersonBP/Res/Thruster.uasset" 713
"../../../Astrogate/Content/ThirdPersonBP/Res/ThrusterInner.uasset" 714
"../../../Astrogate/Content/ThirdPersonBP/Materials/IonThrusterMat.uasset" 715
"../../../Astrogate/Content/ThirdPersonBP/Res/Thumb/Blocks/IonThrusterThumb.uasset" 716
"../../../Astrogate/Content/ThirdPersonBP/Materials/ItemThumbnails/IonThrusterThumbMat.uasset" 717
"../../../Astrogate/Content/ThirdPersonBP/Blueprints/Items/Placeable/Item_Thruster.uasset" 718
"../../../Astrogate/Content/ThirdPersonBP/Res/Transport.uasset" 719
"../../../Astrogate/Content/ThirdPersonBP/Materials/Transporter.uasset" 720
"../../../Astrogate/Content/ThirdPersonBP/Materials/ItemThumbnails/TransporterThumbMat.uasset" 721
"../../../Astrogate/Content/ThirdPersonBP/Blueprints/Items/Placeable/Item_Transporter.uasset" 722
"../../../Astrogate/Content/ThirdPersonBP/Blueprints/Items/Inventories/Inventory_Refinery.uasset" 723
"../../../Astrogate/Content/ThirdPersonBP/Blueprints/Items/Inventories/Inventory_AutoCrafter.uasset" 724
"../../../Astrogate/Content/ThirdPersonBP/Blueprints/Items/Inventories/Inventory_Crate.uasset" 725
"../../../Astrogate/Content/ThirdPersonBP/Blueprints/UI/Inventory/SelectiveStorageWidget.uasset" 726
"../../../Astrogate/Content/ThirdPersonBP/Blueprints/Items/Inventories/Inventory_SelectiveCrate.uasset" 727
"../../../Engine/Content/Functions/Engine_MaterialFunctions01/Texturing/FlattenNormal.uasset" 728
"../../../Astrogate/Content/TechArtAid/MixingMaterials/Textures/Road/MixingMaterials_Road_B.uasset" 729
"../../../Astrogate/Content/TechArtAid/MixingMaterials/Textures/Road/MixingMaterials_Road_MOR.uasset" 730
"../../../Astrogate/Content/TechArtAid/MixingMaterials/Textures/Road/MixingMaterials_Road_N.uasset" 731
"../../../Astrogate/Content/TechArtAid/Common/Materials/Mat_TAA_Solid_MRO.uasset" 732
"../../../Astrogate/Content/TechArtAid/Instancing/Textures/Asteroid/Instancing_Asteroid_v013_LOD0_A.uasset" 733
"../../../Astrogate/Content/TechArtAid/Instancing/Textures/Asteroid/Instancing_Asteroid_v013_LOD0_MRO.uasset" 734
"../../../Astrogate/Content/TechArtAid/Instancing/Textures/Asteroid/Instancing_Asteroid_v013_LOD0_N.uasset" 735
"../../../Astrogate/Content/TechArtAid/Instancing/Materials/MI_Instancing_Asteroid_LOD0.uasset" 736
"../../../Astrogate/Content/ThirdPersonBP/Blueprints/Ores.uasset" 737
"../../../Astrogate/Content/TechArtAid/Instancing/Textures/Asteroid/Instancing_Asteroid_v013_LOD1_A.uasset" 738
"../../../Astrogate/Content/TechArtAid/Instancing/Textures/Asteroid/Instancing_Asteroid_v013_LOD1_MRO.uasset" 739
"../../../Astrogate/Content/TechArtAid/Instancing/Textures/Asteroid/Instancing_Asteroid_v013_LOD1_N.uasset" 740
"../../../Astrogate/Content/TechArtAid/Instancing/Materials/MI_Instancing_Asteroid_LOD1.uasset" 741
"../../../Astrogate/Content/TechArtAid/Instancing/Textures/Asteroid/Instancing_Asteroid_v013_LOD2_A.uasset" 742
"../../../Astrogate/Content/TechArtAid/Instancing/Textures/Asteroid/Instancing_Asteroid_v013_LOD2_MRO.uasset" 743
"../../../Astrogate/Content/TechArtAid/Instancing/Textures/Asteroid/Instancing_Asteroid_v013_LOD2_N.uasset" 744
"../../../Astrogate/Content/TechArtAid/Instancing/Materials/MI_Instancing_Asteroid_LOD2.uasset" 745
"../../../Astrogate/Content/TechArtAid/Instancing/Textures/Asteroid/Instancing_Asteroid_v013_LOD3_A.uasset" 746
"../../../Astrogate/Content/TechArtAid/Instancing/Textures/Asteroid/Instancing_Asteroid_v013_LOD3_MRO.uasset" 747
"../../../Astrogate/Content/TechArtAid/Instancing/Textures/Asteroid/Instancing_Asteroid_v013_LOD3_N.uasset" 748
"../../../Astrogate/Content/TechArtAid/Instancing/Materials/MI_Instancing_Asteroid_LOD3.uasset" 749
"../../../Astrogate/Content/ThirdPersonBP/Models/Asteroid.uasset" 750
"../../../Astrogate/Content/ThirdPersonBP/Blueprints/AsteroidBeltActor.uasset" 751
"../../../Astrogate/Content/Mannequin/Character/Mesh/UE4_Mannequin_Skeleton.uasset" 752
"../../../Astrogate/Content/Mannequin/Animations/ThirdPerson_Jump.uasset" 753
"../../../Astrogate/Content/Mannequin/Animations/ThirdPersonJump_Loop.uasset" 754
"../../../Astrogate/Content/Mannequin/Animations/ThirdPersonJump_Start.uasset" 755
"../../../Astrogate/Content/Mannequin/Animations/ThirdPersonIdle.uasset" 756
"../../../Astrogate/Content/Mannequin/Animations/ThirdPersonRun.uasset" 757
"../../../Astrogate/Content/Mannequin/Animations/ThirdPersonWalk.uasset" 758
"../../../Astrogate/Content/Mannequin/Animations/ThirdPerson_IdleRun_2D.uasset" 759
"../../../Astrogate/Content/Mannequin/Animations/ThirdPerson_AnimBP.uasset" 760
"../../../Astrogate/Content/ThirdPersonBP/Blueprints/DMG_Explosion.uasset" 761
"../../../Astrogate/Content/ThirdPersonBP/Materials/Ingots/IngotMat_Aluminum.uasset" 762
"../../../Astrogate/Content/ThirdPersonBP/Res/Thumb/Ingots/IngotAluminum.uasset" 763
"../../../Astrogate/Content/ThirdPersonBP/Materials/Ingots/IngotThumbnails/IngotAluminumThumb.uasset" 764
"../../../Astrogate/Content/ThirdPersonBP/Blueprints/Items/Ingots/Item_AluminumIngot.uasset" 765
"../../../Astrogate/Content/ThirdPersonBP/Blueprints/PowerAllotmentObject.uasset" 766
"../../../Astrogate/Content/ThirdPersonBP/Blueprints/SaveInterface.uasset" 767
"../../../Astrogate/Content/ThirdPersonBP/Blueprints/GalacticTradeCenter.uasset" 768
"../../../Astrogate/Content/ThirdPersonBP/Blueprints/Items/Inventories/Inventory_Player.uasset" 769
"../../../Astrogate/Content/ThirdPersonBP/Blueprints/Items/Item_Actor.uasset" 770
"../../../Astrogate/Content/ThirdPersonBP/Res/Thumb/Usable/HackingDevice.uasset" 771
"../../../Astrogate/Content/ThirdPersonBP/Materials/ItemThumbnails/Usable/HackingThumbMat.uasset" 772
"../../../Astrogate/Content/ThirdPersonBP/Blueprints/Items/Usable/Item_Hacker.uasset" 773
"../../../Astrogate/Content/ThirdPersonBP/Res/InventorySlot.uasset" 774
"../../../Astrogate/Content/ThirdPersonBP/Blueprints/UI/PlayerUI/PlaceItemSelectionSlot.uasset" 775
"../../../Astrogate/Content/ThirdPersonBP/Blueprints/UI/PlayerUI/PlaceItemSelectionSlotRow.uasset" 776
"../../../Astrogate/Content/ThirdPersonBP/Blueprints/UI/PlayerUI/PlaceBlocksInterface.uasset" 777
"../../../Astrogate/Content/ThirdPersonBP/Blueprints/UI/PlayerUI/HotbarSlot.uasset" 778
"../../../Astrogate/Content/StarterContent/Textures/T_Perlin_Noise_M.uasset" 779
"../../../Astrogate/Content/StarterContent/Textures/T_Rock_Slate_D.uasset" 780
"../../../Astrogate/Content/StarterContent/Textures/T_Rock_Slate_N.uasset" 781
"../../../Astrogate/Content/StarterContent/Materials/M_Rock_Slate.uasset" 782
"../../../Astrogate/Content/ThirdPersonBP/Models/Asteroid_DM.uasset" 783
"../../../Astrogate/Content/ThirdPersonBP/Materials/Functions/F_Alpha.uasset" 784
"../../../Astrogate/Content/ThirdPersonBP/Res/cloud.uasset" 785
"../../../Astrogate/Content/ThirdPersonBP/Materials/PlaceMaterial.uasset" 786
"../../../Astrogate/Content/ThirdPersonBP/Res/100-blocks.uasset" 787
"../../../Astrogate/Content/ThirdPersonBP/Materials/PlaceMaterialBig.uasset" 788
"../../../Astrogate/Content/ThirdPersonBP/Materials/Ores/OreMat_Gold.uasset" 789
"../../../Astrogate/Content/ThirdPersonBP/Blueprints/UI/PlayerUI/SpecialBuildMenu.uasset" 790
"../../../Astrogate/Content/ThirdPersonBP/Res/Icons/cube.uasset" 791
"../../../Astrogate/Content/ThirdPersonBP/Res/Icons/flashlight.uasset" 792
"../../../Astrogate/Content/ThirdPersonBP/Res/Icons/jetpack.uasset" 793
"../../../Astrogate/Content/ThirdPersonBP/Res/Icons/rocket-thruster.uasset" 794
"../../../Astrogate/Content/ThirdPersonBP/Res/platform.uasset" 795
"../../../Astrogate/Content/ThirdPersonBP/Blueprints/UI/PlayerUI/AstroHUD.uasset" 796
"../../../Engine/Content/Functions/MaterialLayerFunctions/MatLayerBlend_NormalBlend.uasset" 797
"../../../Engine/Content/Functions/MaterialLayerFunctions/MatLayerBlend_Simple.uasset" 798
"../../../Astrogate/Content/Mannequin/Character/Materials/MaterialLayers/T_ML_Rubber_Blue_01_D.uasset" 799
"../../../Astrogate/Content/Mannequin/Character/Materials/MaterialLayers/T_ML_Rubber_Blue_01_N.uasset" 800
"../../../Astrogate/Content/Mannequin/Character/Materials/MaterialLayers/ML_GlossyBlack_Latex_UE4.uasset" 801
"../../../Astrogate/Content/Mannequin/Character/Materials/MaterialLayers/ML_Plastic_Shiny_Beige.uasset" 802
"../../../Astrogate/Content/Mannequin/Character/Textures/UE4_LOGO_CARD.uasset" 803
"../../../Astrogate/Content/Mannequin/Character/Materials/MaterialLayers/ML_Plastic_Shiny_Beige_LOGO.uasset" 804
"../../../Astrogate/Content/Mannequin/Character/Materials/MaterialLayers/T_ML_Aluminum01.uasset" 805
"../../../Astrogate/Content/Mannequin/Character/Materials/MaterialLayers/T_ML_Aluminum01_N.uasset" 806
"../../../Astrogate/Content/Mannequin/Character/Materials/MaterialLayers/ML_SoftMetal_UE4.uasset" 807
"../../../Astrogate/Content/Mannequin/Character/Textures/UE4_Mannequin__normals.uasset" 808
"../../../Astrogate/Content/Mannequin/Character/Textures/UE4_Mannequin_MAT_MASKA.uasset" 809
"../../../Astrogate/Content/Mannequin/Character/Materials/M_UE4Man_Body.uasset" 810
"../../../Astrogate/Content/Mannequin/Character/Textures/UE4Man_Logo_N.uasset" 811
"../../../Astrogate/Content/Mannequin/Character/Materials/M_UE4Man_ChestLogo.uasset" 812
"../../../Astrogate/Content/Mannequin/Character/Mesh/SK_Mannequin_PhysicsAsset.uasset" 813
"../../../Astrogate/Content/Mannequin/Character/Mesh/SK_Mannequin.uasset" 814
"../../../Astrogate/Content/ThirdPersonBP/Blueprints/Structs/CoordPair.uasset" 815
"../../../Astrogate/Content/ThirdPersonBP/Blueprints/UI/GTC/ErrorWidget.uasset" 816
"../../../Astrogate/Content/ThirdPersonBP/Blueprints/UI/GTC/MarketOptionsMenu.uasset" 817
"../../../Astrogate/Content/ThirdPersonBP/Blueprints/UI/GTC/GTCMarketSlot.uasset" 818
"../../../Astrogate/Content/ThirdPersonBP/Blueprints/UI/GTC/HighLowUnsorted.uasset" 819
"../../../Astrogate/Content/ThirdPersonBP/Blueprints/UI/GTC/GTCMarketMenu.uasset" 820
"../../../Astrogate/Content/ThirdPersonBP/Blueprints/UI/GTC/MyMarketOptionsMenu.uasset" 821
"../../../Astrogate/Content/ThirdPersonBP/Blueprints/UI/GTC/GTCMyMarketSlot.uasset" 822
"../../../Astrogate/Content/ThirdPersonBP/Blueprints/UI/GTC/GTCMyItemsMenu.uasset" 823
"../../../Astrogate/Content/ThirdPersonBP/Blueprints/UI/GTC/SellItemSlot.uasset" 824
"../../../Astrogate/Content/ThirdPersonBP/Blueprints/UI/GTC/GTCSellItemMenu.uasset" 825
"../../../Astrogate/Content/ThirdPersonBP/Blueprints/UI/GTC/GTCMenu.uasset" 826
"../../../Astrogate/Content/ThirdPersonBP/Blueprints/UI/HackingInterface.uasset" 827
"../../../Astrogate/Content/ThirdPersonBP/Blueprints/UI/LoginScreen.uasset" 828
"../../../Astrogate/Content/ThirdPersonBP/Models/PlaceBlockSpecialMesh.uasset" 829
"../../../Astrogate/Content/ThirdPersonBP/Blueprints/AstroCharacter.uasset" 830
"../../../Astrogate/Content/StarterContent/Textures/T_Burst_M.uasset" 831
"../../../Astrogate/Content/StarterContent/Particles/Materials/M_Burst.uasset" 832
"../../../Astrogate/Content/StarterContent/Textures/T_Explosion_SubUV.uasset" 833
"../../../Astrogate/Content/StarterContent/Particles/Materials/M_explosion_subUV.uasset" 834
"../../../Astrogate/Content/StarterContent/Particles/Materials/m_flare_01.uasset" 835
"../../../Astrogate/Content/StarterContent/Particles/Materials/M_radial_ramp.uasset" 836
"../../../Astrogate/Content/StarterContent/Textures/T_Smoke_SubUV.uasset" 837
"../../../Astrogate/Content/StarterContent/Textures/T_Smoke_Tiled_D.uasset" 838
"../../../Astrogate/Content/StarterContent/Particles/Materials/M_smoke_subUV.uasset" 839
"../../../Astrogate/Content/ThirdPersonBP/Particles/P_Explosion_Params.uasset" 840
"../../../Astrogate/Content/ThirdPersonBP/Blueprints/Explosion.uasset" 841
"../../../Astrogate/Content/ThirdPersonBP/Materials/Glow.uasset" 842
"../../../Astrogate/Content/ThirdPersonBP/Materials/Glow_PurplePink.uasset" 843
"../../../Engine/Content/BasicShapes/Sphere.uasset" 844
"../../../Astrogate/Content/ThirdPersonBP/Blueprints/CannonProjectile.uasset" 845
"../../../Astrogate/Content/ThirdPersonBP/Blueprints/DMG_Disruptor.uasset" 846
"../../../Astrogate/Content/ThirdPersonBP/Blueprints/Items/Inventories/Inventory_Disruptor.uasset" 847
"../../../Astrogate/Content/ThirdPersonBP/Blueprints/Items/Inventories/Inventory_Furnace.uasset" 848
"../../../Astrogate/Content/ThirdPersonBP/Blueprints/Items/Inventories/Inventory_ManufacturingPlant.uasset" 849
"../../../Astrogate/Content/ThirdPersonBP/Blueprints/Items/Inventories/Inventory_RefineryTier2.uasset" 850
"../../../Astrogate/Content/ThirdPersonBP/Blueprints/Items/Inventories/Inventory_ShopReceiver.uasset" 851
"../../../Astrogate/Content/ThirdPersonBP/Blueprints/Items/Inventories/Inventory_ShopSeller.uasset" 852
"../../../Astrogate/Content/ThirdPersonBP/Blueprints/Structs/CannonStruct.uasset" 853
"../../../Astrogate/Content/StarterContent/Materials/M_Metal_Burnished_Steel.uasset" 854
"../../../Astrogate/Content/StarterContent/Materials/M_Metal_Burnished_Steel_Dark.uasset" 855
"../../../Astrogate/Content/StarterContent/Props/CubeMaterial.uasset" 856
"../../../Astrogate/Content/ThirdPersonBP/Res/moon.uasset" 857
"../../../Astrogate/Content/ThirdPersonBP/Materials/Asteroid2.uasset" 858
"../../../Astrogate/Content/ThirdPersonBP/Materials/Cloaking/Cloak2Mat.uasset" 859
"../../../Astrogate/Content/ThirdPersonBP/Materials/Cloaking/CloakMat1.uasset" 860
"../../../Astrogate/Content/ThirdPersonBP/Materials/DisruptorMaterial.uasset" 861
"../../../Astrogate/Content/ThirdPersonBP/Materials/Functions/ShieldFunction.uasset" 862
"../../../Astrogate/Content/ThirdPersonBP/Materials/ShieldMat.uasset" 863
"../../../Astrogate/Content/ThirdPersonBP/Materials/ShopReceiverMat.uasset" 864
"../../../Astrogate/Content/ThirdPersonBP/Materials/ShopSellerMat.uasset" 865
"../../../Astrogate/Content/ThirdPersonBP/Materials/WeakPointMaterial.uasset" 866
"../../../Astrogate/Content/ThirdPersonBP/Res/ShipMenu/ProgressBar2.uasset" 867
"../../../Astrogate/Content/ThirdPersonBP/Res/ShipMenu/ProgressBar3.uasset" 868
"../../../Astrogate/Content/ThirdPersonBP/Res/ShipMenu/ProgressBarEdge2.uasset" 869
"../../../Astrogate/Content/ThirdPersonBP/Res/ShipMenu/ProgressBarMaterial.uasset" 870
"../../../Astrogate/Content/ThirdPersonBP/Blueprints/UI/Ship/ClickableProgerssbar.uasset" 871
"../../../Astrogate/Content/ThirdPersonBP/Blueprints/UI/Ship/ShipAuxiliaryMenu.uasset" 872
"../../../Astrogate/Content/ThirdPersonBP/Blueprints/UI/Ship/ShipCloakMenu.uasset" 873
"../../../Astrogate/Content/ThirdPersonBP/Blueprints/UI/Ship/ShipPowerMenu.uasset" 874
"../../../Astrogate/Content/ThirdPersonBP/Blueprints/UI/Ship/ShipReactorMenu.uasset" 875
"../../../Astrogate/Content/ThirdPersonBP/Blueprints/UI/Ship/HorizontalBar.uasset" 876
"../../../Astrogate/Content/ThirdPersonBP/Blueprints/UI/Ship/VerticalBar.uasset" 877
"../../../Astrogate/Content/ThirdPersonBP/Blueprints/UI/Ship/ShipShieldsMenu.uasset" 878
"../../../Astrogate/Content/ThirdPersonBP/Blueprints/UI/Ship/ShipStatsMenu.uasset" 879
"../../../Astrogate/Content/ThirdPersonBP/Blueprints/UI/Ship/CannonDisplayWidget.uasset" 880
"../../../Astrogate/Content/ThirdPersonBP/Blueprints/UI/Ship/HorizontalBoxCannonDisplay.uasset" 881
"../../../Astrogate/Content/ThirdPersonBP/Blueprints/UI/Ship/ShipWeaponsMenu.uasset" 882
"../../../Astrogate/Content/ThirdPersonBP/Blueprints/UI/Ship/ShipPowerStatsMenu.uasset" 883
"../../../Astrogate/Content/ThirdPersonBP/Blueprints/UI/Ship/ShipMenu.uasset" 884
"../../../Astrogate/Content/ThirdPersonBP/Blueprints/ShipWeapons.uasset" 885
"../../../Astrogate/Content/ThirdPersonBP/Blueprints/UI/PlayerShop/SellingOptionsMenu.uasset" 886
"../../../Astrogate/Content/ThirdPersonBP/Blueprints/UI/PlayerShop/SellingWidget.uasset" 887
"../../../Astrogate/Content/ThirdPersonBP/Blueprints/UI/PlayerShop/InventoryShopOwner.uasset" 888
"../../../Astrogate/Content/ThirdPersonBP/Res/Icons/DisruptorIcon.uasset" 889
"../../../Astrogate/Content/ThirdPersonBP/Res/Icons/FireEverything.uasset" 890
"../../../Astrogate/Content/ThirdPersonBP/Res/Icons/ore.uasset" 891
"../../../Astrogate/Content/ThirdPersonBP/Res/Icons/PewPew.uasset" 892
"../../../Astrogate/Content/ThirdPersonBP/Blueprints/UI/PlayerUI/ShipHUD.uasset" 893
"../../../Astrogate/Content/ThirdPersonBP/Models/SphereHollow.uasset" 894
"../../../Astrogate/Content/ThirdPersonBP/Models/SuperSphere.uasset" 895
"../../../Astrogate/Content/ThirdPersonBP/Materials/ParticleMats/BeamMat2.uasset" 896
"../../../Astrogate/Content/ThirdPersonBP/Particles/DisruptorBeam.uasset" 897
"../../../Astrogate/Content/ThirdPersonBP/Materials/ParticleMats/BeamMat.uasset" 898
"../../../Astrogate/Content/ThirdPersonBP/Materials/ParticleMats/BeamMat1.uasset" 899
"../../../Astrogate/Content/ThirdPersonBP/Particles/MiningLaserBeam.uasset" 900
"../../../Astrogate/Content/ThirdPersonBP/Blueprints/Ship.uasset" 901
"../../../Astrogate/Content/ThirdPersonBP/Blueprints/AstroController.uasset" 902
"../../../Astrogate/Content/ThirdPersonBP/Blueprints/UI/Inventory/InventoryMouseoverWidget.uasset" 903
"../../../Astrogate/Content/ThirdPersonBP/Blueprints/UI/Inventory/InventoryOptionsMenu.uasset" 904
"../../../Astrogate/Content/ThirdPersonBP/Blueprints/UI/Inventory/InventorySlot.uasset" 905
"../../../Astrogate/Content/ThirdPersonBP/Blueprints/UI/Inventory/CraftingItemItemSlot.uasset" 906
"../../../Astrogate/Content/ThirdPersonBP/Blueprints/UI/Ship/ClickableProgerssbarSmall.uasset" 907
"../../../Astrogate/Content/ThirdPersonBP/Blueprints/UI/Inventory/CraftingItemSlot.uasset" 908
"../../../Astrogate/Content/ThirdPersonBP/Blueprints/UI/Inventory/CraftingWidget.uasset" 909
"../../../Astrogate/Content/ThirdPersonBP/Blueprints/UI/PlayerUI/DropZone.uasset" 910
"../../../Astrogate/Content/ThirdPersonBP/Blueprints/UI/PlayerUI/GreyBorder.uasset" 911
"../../../Astrogate/Content/ThirdPersonBP/Blueprints/UI/Inventory/Inventory_FromObject.uasset" 912
"../../../Astrogate/Content/ThirdPersonBP/Blueprints/UI/Inventory/InventorySpecialMenu.uasset" 913
"../../../Astrogate/Content/ThirdPersonBP/Blueprints/Items/Inventories/Inventory_Object.uasset" 914
"../../../Astrogate/Content/ThirdPersonBP/Blueprints/Structs/ShipInventoryStruct.uasset" 915
"../../../Astrogate/Content/ThirdPersonBP/Blueprints/Structs/ShipSaveStruct.uasset" 916
"../../../Astrogate/Content/ThirdPersonBP/Blueprints/AstroSaveGame.uasset" 917
"../../../Astrogate/Content/ThirdPersonBP/Blueprints/UI/Multiplayer/HostGame.uasset" 918
"../../../Astrogate/Content/ThirdPersonBP/Blueprints/UI/Multiplayer/GameSession.uasset" 919
"../../../Astrogate/Content/ThirdPersonBP/Blueprints/UI/Multiplayer/SearchGames.uasset" 920
"../../../Astrogate/Content/ThirdPersonBP/Blueprints/AstroGameInstance.uasset" 921
"../../../Astrogate/Content/ThirdPersonBP/Materials/Ores/OreMat_Aluminum.uasset" 922
"../../../Astrogate/Content/ThirdPersonBP/Res/Thumb/Ores/AluminumOreThumb.uasset" 923
"../../../Astrogate/Content/ThirdPersonBP/Materials/Ores/OreThumbnails/AluminumOreThumbMat.uasset" 924
"../../../Astrogate/Content/ThirdPersonBP/Blueprints/Items/Ores/Item_AluminumOre.uasset" 925
"../../../Astrogate/Content/ThirdPersonBP/Materials/Ores/OreMat_Cobalt.uasset" 926
"../../../Astrogate/Content/ThirdPersonBP/Res/Thumb/Ores/CobaltOreThumb.uasset" 927
"../../../Astrogate/Content/ThirdPersonBP/Materials/Ores/OreThumbnails/CobaltOreThumbMat.uasset" 928
"../../../Astrogate/Content/ThirdPersonBP/Blueprints/Items/Ores/Item_CobaltOre.uasset" 929
"../../../Astrogate/Content/ThirdPersonBP/Materials/Ores/OreMat_Copper.uasset" 930
"../../../Astrogate/Content/ThirdPersonBP/Res/Thumb/Ores/CopperOreThumb.uasset" 931
"../../../Astrogate/Content/ThirdPersonBP/Materials/Ores/OreThumbnails/CopperOreThumbMat.uasset" 932
"../../../Astrogate/Content/ThirdPersonBP/Blueprints/Items/Ores/Item_CopperOre.uasset" 933
"../../../Astrogate/Content/ThirdPersonBP/Res/Thumb/Ores/GoldOreThumb.uasset" 934
"../../../Astrogate/Content/ThirdPersonBP/Materials/Ores/OreThumbnails/GoldOreThumbMat.uasset" 935
"../../../Astrogate/Content/ThirdPersonBP/Blueprints/Items/Ores/Item_GoldOre.uasset" 936
"../../../Astrogate/Content/ThirdPersonBP/Materials/Ingots/IngotMat_Iridium.uasset" 937
"../../../Astrogate/Content/ThirdPersonBP/Res/Thumb/Ingots/IngotIridium.uasset" 938
"../../../Astrogate/Content/ThirdPersonBP/Materials/Ingots/IngotThumbnails/IngotIridiumThumb.uasset" 939
"../../../Astrogate/Content/ThirdPersonBP/Blueprints/Items/Ingots/Item_IridiumIngot.uasset" 940
"../../../Astrogate/Content/ThirdPersonBP/Materials/Ores/OreMat_Iridium.uasset" 941
"../../../Astrogate/Content/ThirdPersonBP/Res/Thumb/Ores/IridiumOreThumb.uasset" 942
"../../../Astrogate/Content/ThirdPersonBP/Materials/Ores/OreThumbnails/IridiumOreThumbMat.uasset" 943
"../../../Astrogate/Content/ThirdPersonBP/Blueprints/Items/Ores/Item_IridiumOre.uasset" 944
"../../../Astrogate/Content/ThirdPersonBP/Materials/Ores/OreMat_Iron.uasset" 945
"../../../Astrogate/Content/ThirdPersonBP/Res/Thumb/Ores/IronOreThumb.uasset" 946
"../../../Astrogate/Content/ThirdPersonBP/Materials/Ores/OreThumbnails/IronOreThumbMat.uasset" 947
"../../../Astrogate/Content/ThirdPersonBP/Blueprints/Items/Ores/Item_IronOre.uasset" 948
"../../../Astrogate/Content/ThirdPersonBP/Materials/Ores/OreMat_Lead.uasset" 949
"../../../Astrogate/Content/ThirdPersonBP/Res/Thumb/Ores/LeadOreThumb.uasset" 950
"../../../Astrogate/Content/ThirdPersonBP/Materials/Ores/OreThumbnails/LeadOreThumbMat.uasset" 951
"../../../Astrogate/Content/ThirdPersonBP/Blueprints/Items/Ores/Item_LeadOre.uasset" 952
"../../../Astrogate/Content/ThirdPersonBP/Materials/Ingots/IngotMat_Magnesium.uasset" 953
"../../../Astrogate/Content/ThirdPersonBP/Res/Thumb/Ingots/IngotMagnesium.uasset" 954
"../../../Astrogate/Content/ThirdPersonBP/Materials/Ingots/IngotThumbnails/IngotMagnesiumThumb.uasset" 955
"../../../Astrogate/Content/ThirdPersonBP/Blueprints/Items/Ingots/Item_MagnesiumIngot.uasset" 956
"../../../Astrogate/Content/ThirdPersonBP/Materials/Ores/OreMat_Magnesium.uasset" 957
"../../../Astrogate/Content/ThirdPersonBP/Res/Thumb/Ores/MagnesiumOreThumb.uasset" 958
"../../../Astrogate/Content/ThirdPersonBP/Materials/Ores/OreThumbnails/MagnesiumOreThumbMat.uasset" 959
"../../../Astrogate/Content/ThirdPersonBP/Blueprints/Items/Ores/Item_MagnesiumOre.uasset" 960
"../../../Astrogate/Content/ThirdPersonBP/Materials/Ores/OreMat_Manganese.uasset" 961
"../../../Astrogate/Content/ThirdPersonBP/Res/Thumb/Ores/ManganeseOreThumb.uasset" 962
"../../../Astrogate/Content/ThirdPersonBP/Materials/Ores/OreThumbnails/ManganeseOreThumbMat.uasset" 963
"../../../Astrogate/Content/ThirdPersonBP/Blueprints/Items/Ores/Item_ManganeseOre.uasset" 964
"../../../Astrogate/Content/ThirdPersonBP/Materials/Ingots/IngotMat_Mercury.uasset" 965
"../../../Astrogate/Content/ThirdPersonBP/Res/Thumb/Ingots/IngotMercury.uasset" 966
"../../../Astrogate/Content/ThirdPersonBP/Materials/Ingots/IngotThumbnails/IngotMercuryThumb.uasset" 967
"../../../Astrogate/Content/ThirdPersonBP/Blueprints/Items/Ingots/Item_MercuryIngot.uasset" 968
"../../../Astrogate/Content/ThirdPersonBP/Materials/Ores/OreMat_MercuryCinnabar.uasset" 969
"../../../Astrogate/Content/ThirdPersonBP/Res/Thumb/Ores/MercuryCinnabarOreThumb.uasset" 970
"../../../Astrogate/Content/ThirdPersonBP/Materials/Ores/OreThumbnails/MercuryCinnabarOreThumbMat.uasset" 971
"../../../Astrogate/Content/ThirdPersonBP/Blueprints/Items/Ores/Item_MercuryCinnabar.uasset" 972
"../../../Astrogate/Content/ThirdPersonBP/Materials/Ingots/IngotMat_Molybdenum.uasset" 973
"../../../Astrogate/Content/ThirdPersonBP/Res/Thumb/Ingots/IngotMolybdenum.uasset" 974
"../../../Astrogate/Content/ThirdPersonBP/Materials/Ingots/IngotThumbnails/IngotMolybdenumThumb.uasset" 975
"../../../Astrogate/Content/ThirdPersonBP/Blueprints/Items/Ingots/Item_MolybdenumIngot.uasset" 976
"../../../Astrogate/Content/ThirdPersonBP/Materials/Ores/OreMat_Molybdenum.uasset" 977
"../../../Astrogate/Content/ThirdPersonBP/Res/Thumb/Ores/MolybdenumOreThumb.uasset" 978
"../../../Astrogate/Content/ThirdPersonBP/Materials/Ores/OreThumbnails/MolybdenumOreThumbMat.uasset" 979
"../../../Astrogate/Content/ThirdPersonBP/Blueprints/Items/Ores/Item_MolybdenumOre.uasset" 980
"../../../Astrogate/Content/ThirdPersonBP/Materials/Ores/OreMat_Nickel.uasset" 981
"../../../Astrogate/Content/ThirdPersonBP/Res/Thumb/Ores/NickelOreThumb.uasset" 982
"../../../Astrogate/Content/ThirdPersonBP/Materials/Ores/OreThumbnails/NickelOreThumbMat.uasset" 983
"../../../Astrogate/Content/ThirdPersonBP/Blueprints/Items/Ores/Item_NickelOre.uasset" 984
"../../../Astrogate/Content/ThirdPersonBP/Materials/Ores/OreMat_Osmium.uasset" 985
"../../../Astrogate/Content/ThirdPersonBP/Res/Thumb/Ores/OsmiumOreThumb.uasset" 986
"../../../Astrogate/Content/ThirdPersonBP/Materials/Ores/OreThumbnails/OsmiumOreThumbMat.uasset" 987
"../../../Astrogate/Content/ThirdPersonBP/Blueprints/Items/Ores/Item_OsmiumOre.uasset" 988
"../../../Astrogate/Content/ThirdPersonBP/Materials/Ingots/IngotMat_Palladium.uasset" 989
"../../../Astrogate/Content/ThirdPersonBP/Res/Thumb/Ingots/IngotPalladium.uasset" 990
"../../../Astrogate/Content/ThirdPersonBP/Materials/Ingots/IngotThumbnails/IngotPalladiumThumb.uasset" 991
"../../../Astrogate/Content/ThirdPersonBP/Blueprints/Items/Ingots/Item_PalladiumIngot.uasset" 992
"../../../Astrogate/Content/ThirdPersonBP/Materials/Ores/OreMat_Palladium.uasset" 993
"../../../Astrogate/Content/ThirdPersonBP/Res/Thumb/Ores/PalladiumOreThumb.uasset" 994
"../../../Astrogate/Content/ThirdPersonBP/Materials/Ores/OreThumbnails/PalladiumOreThumbMat.uasset" 995
"../../../Astrogate/Content/ThirdPersonBP/Blueprints/Items/Ores/Item_PalladiumOre.uasset" 996
"../../../Astrogate/Content/ThirdPersonBP/Materials/Ingots/IngotMat_Platinum.uasset" 997
"../../../Astrogate/Content/ThirdPersonBP/Res/Thumb/Ingots/IngotPlatinum.uasset" 998
"../../../Astrogate/Content/ThirdPersonBP/Materials/Ingots/IngotThumbnails/IngotPlatinumThumb.uasset" 999
"../../../Astrogate/Content/ThirdPersonBP/Blueprints/Items/Ingots/Item_PlatinumIngot.uasset" 1000
"../../../Astrogate/Content/ThirdPersonBP/Materials/Ores/OreMat_Platinum.uasset" 1001
"../../../Astrogate/Content/ThirdPersonBP/Res/Thumb/Ores/PlatinumOreThumb.uasset" 1002
"../../../Astrogate/Content/ThirdPersonBP/Materials/Ores/OreThumbnails/PlatinumOreThumbMat.uasset" 1003
"../../../Astrogate/Content/ThirdPersonBP/Blueprints/Items/Ores/Item_PlatinumOre.uasset" 1004
"../../../Astrogate/Content/ThirdPersonBP/Materials/Ingots/IngotMat_Rhenium.uasset" 1005
"../../../Astrogate/Content/ThirdPersonBP/Res/Thumb/Ingots/IngotRhenium.uasset" 1006
"../../../Astrogate/Content/ThirdPersonBP/Materials/Ingots/IngotThumbnails/IngotRheniumThumb.uasset" 1007
"../../../Astrogate/Content/ThirdPersonBP/Blueprints/Items/Ingots/Item_RheniumIngot.uasset" 1008
"../../../Astrogate/Content/ThirdPersonBP/Materials/Ores/OreMat_Rhenium.uasset" 1009
"../../../Astrogate/Content/ThirdPersonBP/Res/Thumb/Ores/RheniumOreThumb.uasset" 1010
"../../../Astrogate/Content/ThirdPersonBP/Materials/Ores/OreThumbnails/RheniumOreThumbMat.uasset" 1011
"../../../Astrogate/Content/ThirdPersonBP/Blueprints/Items/Ores/Item_RheniumOre.uasset" 1012
"../../../Astrogate/Content/ThirdPersonBP/Materials/Ores/OreMat_Rhodium.uasset" 1013
"../../../Astrogate/Content/ThirdPersonBP/Res/Thumb/Ores/RhodiumOreThumb.uasset" 1014
"../../../Astrogate/Content/ThirdPersonBP/Materials/Ores/OreThumbnails/RhodiumOreThumbMat.uasset" 1015
"../../../Astrogate/Content/ThirdPersonBP/Blueprints/Items/Ores/Item_RhodiumOre.uasset" 1016
"../../../Astrogate/Content/ThirdPersonBP/Materials/Ingots/IngotMat_Ruthenium.uasset" 1017
"../../../Astrogate/Content/ThirdPersonBP/Res/Thumb/Ingots/IngotRuthenium.uasset" 1018
"../../../Astrogate/Content/ThirdPersonBP/Materials/Ingots/IngotThumbnails/IngotRutheniumThumb.uasset" 1019
"../../../Astrogate/Content/ThirdPersonBP/Blueprints/Items/Ingots/Item_RutheniumIngot.uasset" 1020
"../../../Astrogate/Content/ThirdPersonBP/Materials/Ores/OreMat_Ruthenium.uasset" 1021
"../../../Astrogate/Content/ThirdPersonBP/Res/Thumb/Ores/RutheniumOreThumb.uasset" 1022
"../../../Astrogate/Content/ThirdPersonBP/Materials/Ores/OreThumbnails/RutheniumOreThumbMat.uasset" 1023
"../../../Astrogate/Content/ThirdPersonBP/Blueprints/Items/Ores/Item_RutheniumOre.uasset" 1024
"../../../Astrogate/Content/ThirdPersonBP/Materials/Ores/OreMat_Silver.uasset" 1025
"../../../Astrogate/Content/ThirdPersonBP/Res/Thumb/Ores/SilverOreThumb.uasset" 1026
"../../../Astrogate/Content/ThirdPersonBP/Materials/Ores/OreThumbnails/SilverOreThumbMat.uasset" 1027
"../../../Astrogate/Content/ThirdPersonBP/Blueprints/Items/Ores/Item_SilverOre.uasset" 1028
"../../../Astrogate/Content/ThirdPersonBP/Materials/Ores/OreMat_Tin.uasset" 1029
"../../../Astrogate/Content/ThirdPersonBP/Res/Thumb/Ores/TinOreThumb.uasset" 1030
"../../../Astrogate/Content/ThirdPersonBP/Materials/Ores/OreThumbnails/TinOreThumbMat.uasset" 1031
"../../../Astrogate/Content/ThirdPersonBP/Blueprints/Items/Ores/Item_TinOre.uasset" 1032
"../../../Astrogate/Content/ThirdPersonBP/Materials/Ores/OreMat_Titanium.uasset" 1033
"../../../Astrogate/Content/ThirdPersonBP/Res/Thumb/Ores/TitaniumOreThumb.uasset" 1034
"../../../Astrogate/Content/ThirdPersonBP/Materials/Ores/OreThumbnails/TitaniumOreThumbMat.uasset" 1035
"../../../Astrogate/Content/ThirdPersonBP/Blueprints/Items/Ores/Item_TitaniumOre.uasset" 1036
"../../../Astrogate/Content/ThirdPersonBP/Materials/Ores/OreMat_Tungsten.uasset" 1037
"../../../Astrogate/Content/ThirdPersonBP/Res/Thumb/Ores/TungstenOreThumb.uasset" 1038
"../../../Astrogate/Content/ThirdPersonBP/Materials/Ores/OreThumbnails/TungstenOreThumbMat.uasset" 1039
"../../../Astrogate/Content/ThirdPersonBP/Blueprints/Items/Ores/Item_TungstenOre.uasset" 1040
"../../../Astrogate/Content/ThirdPersonBP/Materials/Ores/OreMat_Zinc.uasset" 1041
"../../../Astrogate/Content/ThirdPersonBP/Res/Thumb/Ores/ZincOreThumb.uasset" 1042
"../../../Astrogate/Content/ThirdPersonBP/Materials/Ores/OreThumbnails/ZincOreThumbMat.uasset" 1043
"../../../Astrogate/Content/ThirdPersonBP/Blueprints/Items/Ores/Item_ZincOre.uasset" 1044
"../../../Astrogate/Content/ThirdPersonBP/Res/Icons/banging-gavel.uasset" 1045
"../../../Astrogate/Content/ThirdPersonBP/Materials/ItemThumbnails/ShopBlockThumbMat.uasset" 1046
"../../../Astrogate/Content/ThirdPersonBP/Blueprints/Items/Placeable/Item_Disruptor.uasset" 1047
"../../../Astrogate/Content/ThirdPersonBP/Blueprints/Items/Placeable/Item_ShopBlock.uasset" 1048
"../../../Astrogate/Content/ThirdPersonBP/Res/Thumb/Blocks/ShopReceiver.uasset" 1049
"../../../Astrogate/Content/ThirdPersonBP/Materials/ItemThumbnails/ShopReceiverThumbMat.uasset" 1050
"../../../Astrogate/Content/ThirdPersonBP/Blueprints/Items/Placeable/Item_ShopReceiver.uasset" 1051
"../../../Astrogate/Content/ThirdPersonBP/Res/Thumb/Blocks/ShopSeller.uasset" 1052
"../../../Astrogate/Content/ThirdPersonBP/Materials/ItemThumbnails/ShopSellerThumbMat.uasset" 1053
"../../../Astrogate/Content/ThirdPersonBP/Blueprints/Items/Placeable/Item_ShopSeller.uasset" 1054
"../../../Astrogate/Content/ThirdPersonBP/Materials/Ores/OreMat_Carbon.uasset" 1055
"../../../Astrogate/Content/ThirdPersonBP/Materials/Ores/OreMat_Lithium.uasset" 1056
"../../../Astrogate/Content/ThirdPersonBP/Materials/Ores/OreMat_Phosphorus.uasset" 1057
"../../../Astrogate/Content/ThirdPersonBP/Blueprints/Items/ItemType.uasset" 1058
"../../../Astrogate/Content/ThirdPersonBP/Blueprints/AstroFunctionLibrary.uasset" 1059
"../../../Astrogate/Content/ThirdPersonBP/Blueprints/UI/Multiplayer/MainMenuWidget.uasset" 1060
"../../../Astrogate/Content/ThirdPersonBP/Blueprints/MultiplayerController.uasset" 1061
"../../../Astrogate/Content/ThirdPersonBP/Blueprints/MultiplayerGameMode.uasset" 1062
"../../../Engine/Content/BasicShapes/BasicShapeMaterial.uasset" 1063
"../../../Engine/Content/BasicShapes/Cube.uasset" 1064
"../../../Astrogate/Content/SelectionScreen.umap" 1065
"../../../Astrogate/Content/ThirdPersonBP/Blueprints/AstroGameMode.uasset" 1066
"../../../Astrogate/Content/StarterContent/Textures/T_Rock_Basalt_D.uasset" 1067
"../../../Astrogate/Content/StarterContent/Textures/T_Rock_Basalt_N.uasset" 1068
"../../../Astrogate/Content/StarterContent/Materials/M_Rock_BasaltHighUV.uasset" 1069
"../../../Astrogate/Content/ThirdPersonBP/Models/AsteroidHole.uasset" 1070
"../../../Astrogate/Content/ThirdPersonBP/Blueprints/BigAsteroid.uasset" 1071
"../../../Astrogate/Content/ThirdPersonBP/Maps/AstroWorld.umap" 1072
